2023-10-08 13:29:25.044-0300 10332 5760  BRIDGE Uninstaller_bridge I: bridgeApiInitEx:#################### In bridgeApiInit Uninstaller ###############
2023-10-08 13:29:25.044-0300 10332 5760  BRIDGE Uninstaller_bridge I: Loading configuration ...
2023-10-08 13:29:25.046-0300 10332 5760  BRIDGE Uninstaller_bridge I: Configuration loaded successfully...
﻿2023-10-08 13:29:25.056 10332:00000001 (BlueStacksUninstaller) INFO: Updating Strings.ImageName: 
2023-10-08 13:29:25.072 10332:00000001 (BlueStacksUninstaller) INFO: Copying C:\Program Files\BlueStacks_nxt\Assets to C:\Users\ewert\AppData\Local\Temp\Assets
2023-10-08 13:29:25.103 10332:00000001 (BlueStacksUninstaller) INFO: Copying files from C:\Program Files\BlueStacks_nxt\ to C:\Users\ewert\AppData\Local\Temp\
2023-10-08 13:29:25.134 10332:00000001 (BlueStacksUninstaller) WARNING: C:\Program Files\BlueStacks_nxt\ucrtbase.dll does not exist so could not be copied.
2023-10-08 13:29:25.542 10332:00000001 (BlueStacksUninstaller) INFO: Copying C:\ProgramData\BlueStacks_nxt\Engine\Oem.cfg
2023-10-08 13:29:25.542 10332:00000001 (BlueStacksUninstaller) INFO: Copying theme file
2023-10-08 13:29:25.558 10332:00000001 (BlueStacksUninstaller) INFO: All files copied, starting File exectuion from temp path
2023-10-08 13:29:25.966 10332:00000001 (BlueStacksUninstaller) INFO: Main unistall process started, exiting current application.
2023-10-08 13:29:26.389-0300 10560 10540 BRIDGE Uninstaller_bridge I: bridgeApiInitEx:#################### In bridgeApiInit Uninstaller ###############
2023-10-08 13:29:26.389-0300 10560 10540 BRIDGE Uninstaller_bridge I: Loading configuration ...
2023-10-08 13:29:26.392-0300 10560 10540 BRIDGE Uninstaller_bridge I: Configuration loaded successfully...
2023-10-08 13:29:26.406 10560:00000001 (BlueStacksUninstaller) INFO: Updating Strings.ImageName: 
2023-10-08 13:29:26.516 10560:00000001 (BlueStacksUninstaller) INFO: Assigning hypervisor
2023-10-08 13:29:26.516 10560:00000001 (BlueStacksUninstaller) INFO: Current Hypervisor: hyperv
2023-10-08 13:29:26.516 10560:00000001 (BlueStacksUninstaller) INFO: BridgeApiInit) return code: 0
2023-10-08 13:29:27.317 10560:00000001 (BlueStacksUninstaller) INFO: Successfully populated en-US strings
2023-10-08 13:29:27.317 10560:00000001 (BlueStacksUninstaller) INFO: Successfully populated pt-BR strings
2023-10-08 13:29:31.465 10560:00000001 (BlueStacksUninstaller) WARNING: Returning a null image for unchecked_gray_click
2023-10-08 13:29:33.598 10560:00000001 (BlueStacksUninstaller) WARNING: Returning a null image for checked_gray_click
2023-10-08 13:29:41.183 10560:00000001 (BlueStacksUninstaller) WARNING: Returning a null image for bluestacks
2023-10-08 13:29:42.801 10560:00000007 (BlueStacksUninstaller) INFO: Killing all BlueStacks processes
2023-10-08 13:29:42.834 10560:00000007 (BlueStacksUninstaller) INFO: Stopping service BlueStacksDrv_nxt with timeout 15s
2023-10-08 13:29:43.962 10560:00000007 (BlueStacksUninstaller) INFO: Service is running , stopping the service BlueStacksDrv_nxt
2023-10-08 13:29:43.977 10560:00000007 (BlueStacksUninstaller) INFO: Service stopped successfully
2023-10-08 13:29:43.977 10560:00000007 (BlueStacksUninstaller) INFO: RunCmd: Starting: schtasks.exe /Delete /TN BlueStacksHelper_nxt /F
2023-10-08 13:29:44.058 10560:00000008 (BlueStacksUninstaller) INFO: 8156 OUT: EXITO: a tarefa agendada "BlueStacksHelper_nxt" foi exclu¡da corretamente.
2023-10-08 13:29:44.058 10560:00000007 (BlueStacksUninstaller) INFO: RunCmd for pid: 8156, exited with ExitCode: 0 
2023-10-08 13:29:44.058 10560:00000007 (BlueStacksUninstaller) INFO: RunCmd: Starting: schtasks.exe /Delete /TN BlueStacksHelperTask /F
2023-10-08 13:29:44.103 10560:0000000A (BlueStacksUninstaller) ERROR: 8340 ERR: ERRO: O sistema nao pode encontrar o arquivo especificado.
2023-10-08 13:29:44.103 10560:00000007 (BlueStacksUninstaller) INFO: RunCmd for pid: 8340, exited with ExitCode: 1 
2023-10-08 13:29:44.103 10560:00000007 (BlueStacksUninstaller) ERROR: An error occured while deleting the task, exit code: 1
2023-10-08 13:29:44.276 10560:00000007 (BlueStacksUninstaller) INFO: Clearing metadata of video files for Pie64
2023-10-08 13:29:44.276 10560:00000007 (BlueStacksUninstaller) INFO: Recordings directory is not available at C:\Users\ewert\OneDrive\Documentos\..\Videos\BlueStacks-Pie64
2023-10-08 13:29:44.276 10560:00000007 (BlueStacksUninstaller) INFO: Moments directory is not available at C:\Users\ewert\OneDrive\Documentos\..\Videos\BlueStacks-Pie64\Moments
2023-10-08 13:29:44.276 10560:00000007 (BlueStacksUninstaller) INFO: Deleting directory: C:\Program Files\BlueStacks_nxt\
2023-10-08 13:29:44.386 10560:00000007 (BlueStacksUninstaller) INFO: Deleting directory: C:\ProgramData\BlueStacks_nxt
2023-10-08 13:29:44.438 10560:00000007 (BlueStacksUninstaller) INFO: Deleting directory: C:\Users\ewert\AppData\Local\BlueStacksSetup
2023-10-08 13:29:44.438 10560:00000007 (BlueStacksUninstaller) WARNING: Directory does not exist
2023-10-08 13:29:45.431 10560:00000007 (BlueStacksUninstaller) INFO: Uninstalling driver BlueStacksDrv_nxt
2023-10-08 13:29:45.431 10560:00000007 (BlueStacksUninstaller) INFO: Stopping service BlueStacksDrv_nxt with timeout 15s
2023-10-08 13:29:45.432 10560:00000007 (BlueStacksUninstaller) INFO: Service BlueStacksDrv_nxt stopped
2023-10-08 13:29:45.433 10560:00000007 (BlueStacksUninstaller) INFO: RunCmd: Starting: cmd.exe /c "sc.exe delete BlueStacksDrv_nxt"
2023-10-08 13:29:45.514 10560:00000009 (BlueStacksUninstaller) INFO: 11396 OUT: [SC] DeleteService EXITO
2023-10-08 13:29:45.521 10560:00000007 (BlueStacksUninstaller) INFO: RunCmd for pid: 11396, exited with ExitCode: 0 
2023-10-08 13:29:45.522 10560:00000007 (BlueStacksUninstaller) INFO: DeleteInstallApkScheme start
2023-10-08 13:29:45.523 10560:00000007 (BlueStacksUninstaller) INFO: DeleteInstallApkScheme end
2023-10-08 13:29:45.524 10560:00000007 (BlueStacksUninstaller) INFO: DeleteInstallApkScheme start
2023-10-08 13:29:45.524 10560:00000007 (BlueStacksUninstaller) INFO: DeleteInstallApkScheme end
2023-10-08 13:29:46.274 10560:00000001 (BlueStacksUninstaller) INFO: uninstallation clean value : 0
