2023-10-20 18:24:08.024 1960:00000001 (BlueStacksInstaller) INFO: arg:::::-versionMachineID=810c87d9-ff07-4e85-be45-ce86dc9723d4
2023-10-20 18:24:08.024 1960:00000001 (BlueStacksInstaller) INFO: arg:::::-machineID=9c4f0e97-8d85-451a-bddc-5305c085b125
2023-10-20 18:24:08.024 1960:00000001 (BlueStacksInstaller) INFO: arg:::::-pddir=C:\ProgramData\BlueStacks_nxt
2023-10-20 18:24:08.024 1960:00000001 (BlueStacksInstaller) INFO: arg:::::-defaultImageName=Pie64
2023-10-20 18:24:08.024 1960:00000001 (BlueStacksInstaller) INFO: arg:::::-imageToLaunch=Pie64
2023-10-20 18:24:08.040 1960:00000001 (BlueStacksInstaller) INFO: arg:::::-appToLaunch=bsx
2023-10-20 18:24:08.040 1960:00000001 (BlueStacksInstaller) INFO: arg:::::-bsxVersion=10.4.60.1001
2023-10-20 18:24:08.040 1960:00000001 (BlueStacksInstaller) INFO: arg:::::-country=BR
2023-10-20 18:24:08.040 1960:00000001 (BlueStacksInstaller) INFO: arg:::::-skipBinaryShortcuts
2023-10-20 18:24:08.040 1960:00000001 (BlueStacksInstaller) INFO: arg:::::-isWalletFeatureEnabled
2023-10-20 18:24:08.040 1960:00000001 (BlueStacksInstaller) INFO: arg:::::-parentpath=C:\Users\ewert\AppData\Local\BlueStacksSetup\BlueStacks10Installer_10.4.60.1001_native_4249dd406b73cc2d6c8058f49149e3d4_MzsxNSwwOzUsMTsxNSw0OzE1_WW9vc2Vl.exe
2023-10-20 18:24:08.040 1960:00000001 (BlueStacksInstaller) INFO: arg:::::-md5=4249dd406b73cc2d6c8058f49149e3d4
2023-10-20 18:24:08.040 1960:00000001 (BlueStacksInstaller) INFO: arg:::::-app64=WW9vc2Vl
2023-10-20 18:24:08.056 1960:00000001 (BlueStacksInstaller) INFO: Updating Strings.ImageName: Pie64
2023-10-20 18:24:08.056 1960:00000001 (BlueStacksInstaller) INFO: Enqueue install_inited
2023-10-20 18:24:08.056 1960:00000001 (BlueStacksInstaller) INFO: Using cloud host: https://cloud.bluestacks.com
2023-10-20 18:24:08.056 1960:00000001 (BlueStacksInstaller) INFO: Enqueue install_cloud_host_set
2023-10-20 18:24:08.056 1960:00000001 (BlueStacksInstaller) INFO: Setting cloud host: https://cloud.bluestacks.com
2023-10-20 18:24:08.071 1960:00000001 (BlueStacksInstaller) INFO: Finding closest locale match to pt-BR
2023-10-20 18:24:08.071 1960:00000001 (BlueStacksInstaller) INFO: Match found by region: pt-BR
2023-10-20 18:24:08.087 1960:00000001 (BlueStacksInstaller) INFO: Successfully populated en-US strings
2023-10-20 18:24:08.118 1960:00000001 (BlueStacksInstaller) INFO: Successfully populated pt-BR strings
2023-10-20 18:24:08.118 1960:00000001 (BlueStacksInstaller) INFO: Enqueue install_localization_inited
2023-10-20 18:24:08.118 1960:00000003 (BlueStacksInstaller) INFO: Sending install_inited. IsEarlyCall: True
2023-10-20 18:24:08.150 1960:00000001 (BlueStacksInstaller) INFO: OnStartup
2023-10-20 18:24:08.150 1960:00000001 (BlueStacksInstaller) INFO: Returning PFDir: C:\Program Files\BlueStacks_nxt
2023-10-20 18:24:08.150 1960:00000001 (BlueStacksInstaller) INFO: Returning PDDir: C:\ProgramData\BlueStacks_nxt
2023-10-20 18:24:08.150 1960:00000001 (BlueStacksInstaller) INFO: Old version: 5.13.200.1028, new version: 5.13.215.1003
2023-10-20 18:24:08.150 1960:00000001 (BlueStacksInstaller) INFO: Generating install ID
2023-10-20 18:24:08.228 1960:00000001 (BlueStacksInstaller) INFO: Enqueue install_properties_inited
2023-10-20 18:24:08.840 1960:00000001 (BlueStacksInstaller) WARNING: Full image path not marked false for image: Assets\installer_logo.png
2023-10-20 18:24:08.887 1960:00000003 (BlueStacksInstaller) INFO: Response for event install_inited: 
2023-10-20 18:24:08.887 1960:00000003 (BlueStacksInstaller) INFO: Sending install_cloud_host_set. IsEarlyCall: True
2023-10-20 18:24:09.282 1960:00000001 (BlueStacksInstaller) INFO: Enqueue install_window_created
2023-10-20 18:24:09.287 1960:00000006 (BlueStacksInstaller) INFO: Enqueue install_guid_gen_started
2023-10-20 18:24:09.290 1960:00000006 (BlueStacksInstaller) INFO: TODO: Fix GUID generation. This should not happen. Detected GUID in HKLM: 9c4f0e97-8d85-451a-bddc-5305c085b125
2023-10-20 18:24:09.324 1960:00000003 (BlueStacksInstaller) INFO: Response for event install_cloud_host_set: 
2023-10-20 18:24:09.324 1960:00000003 (BlueStacksInstaller) INFO: Sending install_localization_inited. IsEarlyCall: True
2023-10-20 18:24:09.441 1960:00000001 (BlueStacksInstaller) INFO: InstallerProperties
2023-10-20 18:24:09.441 1960:00000001 (BlueStacksInstaller) INFO: CloudHost: https://cloud.bluestacks.com
2023-10-20 18:24:09.441 1960:00000001 (BlueStacksInstaller) INFO: IsUpgrade: True
2023-10-20 18:24:09.442 1960:00000001 (BlueStacksInstaller) INFO: CampaignMD5: 4249dd406b73cc2d6c8058f49149e3d4
2023-10-20 18:24:09.442 1960:00000001 (BlueStacksInstaller) INFO: InstallId: 7b72fbc7-143a-4426-9941-1af01541b345
2023-10-20 18:24:09.442 1960:00000001 (BlueStacksInstaller) INFO: IsRunningInSilentMode: False
2023-10-20 18:24:09.442 1960:00000001 (BlueStacksInstaller) INFO: InstallerArchitecture: amd64
2023-10-20 18:24:09.442 1960:00000001 (BlueStacksInstaller) INFO: PFDir: C:\Program Files\BlueStacks_nxt
2023-10-20 18:24:09.442 1960:00000001 (BlueStacksInstaller) INFO: PDDir: C:\ProgramData\BlueStacks_nxt
2023-10-20 18:24:09.442 1960:00000001 (BlueStacksInstaller) INFO: PFDirNew: C:\Program Files\BlueStacks_nxt.new
2023-10-20 18:24:09.442 1960:00000001 (BlueStacksInstaller) INFO: PDDirNew: C:\ProgramData\BlueStacks_nxt.new
2023-10-20 18:24:09.442 1960:00000001 (BlueStacksInstaller) INFO: PFDirExisting: C:\Program Files\BlueStacks_nxt
2023-10-20 18:24:09.442 1960:00000001 (BlueStacksInstaller) INFO: PDDirExisting: C:\ProgramData\BlueStacks_nxt
2023-10-20 18:24:09.442 1960:00000001 (BlueStacksInstaller) INFO: PFDirOld: C:\Program Files\BlueStacks_nxt.old
2023-10-20 18:24:09.443 1960:00000001 (BlueStacksInstaller) INFO: PDDirOld: C:\ProgramData\BlueStacks_nxt.old
2023-10-20 18:24:09.443 1960:00000001 (BlueStacksInstaller) INFO: OldLogsDir: C:\ProgramData\BlueStacks_nxt\Logs\
2023-10-20 18:24:09.443 1960:00000001 (BlueStacksInstaller) INFO: OldInstallId: 
2023-10-20 18:24:09.443 1960:00000001 (BlueStacksInstaller) INFO: InstallerExtractedDir: C:\Users\ewert\AppData\Local\Temp\7zS40ADF445\
2023-10-20 18:24:09.443 1960:00000001 (BlueStacksInstaller) INFO: DefaultImageName: Pie64
2023-10-20 18:24:09.443 1960:00000001 (BlueStacksInstaller) INFO: CampaignMD5: 4249dd406b73cc2d6c8058f49149e3d4
2023-10-20 18:24:09.443 1960:00000001 (BlueStacksInstaller) INFO: IsForcedDedicatedGPU: False
2023-10-20 18:24:09.443 1960:00000001 (BlueStacksInstaller) INFO: CampaignName: 
2023-10-20 18:24:09.443 1960:00000001 (BlueStacksInstaller) INFO: IsRunningInSilentMode: False
2023-10-20 18:24:09.443 1960:00000001 (BlueStacksInstaller) INFO: CloudHost: https://cloud.bluestacks.com
2023-10-20 18:24:09.443 1960:00000001 (BlueStacksInstaller) INFO: GLMode: -1
2023-10-20 18:24:09.443 1960:00000001 (BlueStacksInstaller) INFO: GLRenderMode: -1
2023-10-20 18:24:09.444 1960:00000001 (BlueStacksInstaller) INFO: GLRenderer: 
2023-10-20 18:24:09.444 1960:00000001 (BlueStacksInstaller) INFO: GLVendor: 
2023-10-20 18:24:09.444 1960:00000001 (BlueStacksInstaller) INFO: GLVersion: 
2023-10-20 18:24:09.444 1960:00000001 (BlueStacksInstaller) INFO: SameOrHigherVersionInstalled: False
2023-10-20 18:24:09.444 1960:00000001 (BlueStacksInstaller) INFO: OldVersion: 5.13.200.1028
2023-10-20 18:24:09.444 1960:00000001 (BlueStacksInstaller) INFO: CurrentLocale: pt-BR
2023-10-20 18:24:09.444 1960:00000001 (BlueStacksInstaller) INFO: InstallerArchitecture: amd64
2023-10-20 18:24:09.444 1960:00000001 (BlueStacksInstaller) INFO: MainInstallerFilePath: C:\Users\ewert\AppData\Local\BlueStacksSetup\BlueStacks10Installer_10.4.60.1001_native_4249dd406b73cc2d6c8058f49149e3d4_MzsxNSwwOzUsMTsxNSw0OzE1_WW9vc2Vl.exe
2023-10-20 18:24:09.444 1960:00000001 (BlueStacksInstaller) INFO: MainInstallerFolderPath: C:\Users\ewert\AppData\Local\BlueStacksSetup
2023-10-20 18:24:09.444 1960:00000001 (BlueStacksInstaller) INFO: IsFreshInstall: False
2023-10-20 18:24:09.444 1960:00000001 (BlueStacksInstaller) INFO: FLEAssetsDir: C:\Users\ewert\AppData\Local\Temp\Assets
2023-10-20 18:24:09.444 1960:00000001 (BlueStacksInstaller) INFO: InstallerProperties End
2023-10-20 18:24:09.445 1960:00000001 (BlueStacksInstaller) INFO: Enqueue upgrade_start
2023-10-20 18:24:09.632 1960:00000008 (BlueStacksInstaller) INFO: Sending upgrade_launched. IsEarlyCall: True
2023-10-20 18:24:09.641 1960:00000007 (BlueStacksInstaller) INFO: Sending OS stat
2023-10-20 18:24:09.641 1960:00000007 (BlueStacksInstaller) INFO: Enqueue install_os_details
2023-10-20 18:24:09.642 1960:00000007 (BlueStacksInstaller) INFO: Logging space available for install locations
2023-10-20 18:24:09.644 1960:00000007 (BlueStacksInstaller) INFO: Space available in C:\Program Files\BlueStacks_nxt: 868140 MB
2023-10-20 18:24:09.644 1960:00000007 (BlueStacksInstaller) INFO: Space available in C:\ProgramData\BlueStacks_nxt.new: 868140 MB
2023-10-20 18:24:09.644 1960:00000007 (BlueStacksInstaller) INFO: installer extract dir space avaialble is: 868140 and required is: 500?
2023-10-20 18:24:09.644 1960:00000007 (BlueStacksInstaller) INFO: Extracting C:\Users\ewert\AppData\Local\Temp\7zS40ADF445\CommonInstallUtils.zip to C:\Users\ewert\AppData\Local\Temp\7zS40ADF445\
2023-10-20 18:24:09.644 1960:00000007 (BlueStacksInstaller) INFO: RunCmd: Starting: C:\Users\ewert\AppData\Local\Temp\7zS40ADF445\7zr.exe x "C:\Users\ewert\AppData\Local\Temp\7zS40ADF445\CommonInstallUtils.zip" -o"C:\Users\ewert\AppData\Local\Temp\7zS40ADF445\" -aoa
2023-10-20 18:24:09.759 1960:00000003 (BlueStacksInstaller) INFO: Response for event install_localization_inited: 
2023-10-20 18:24:09.759 1960:00000003 (BlueStacksInstaller) INFO: Sending install_properties_inited. IsEarlyCall: True
2023-10-20 18:24:09.823 1960:00000006 (BlueStacksInstaller) INFO: 10776 OUT: 7-Zip (a) 19.00 (x86) : Copyright (c) 1999-2018 Igor Pavlov : 2019-02-21
2023-10-20 18:24:09.823 1960:00000006 (BlueStacksInstaller) INFO: 10776 OUT: Scanning the drive for archives:
2023-10-20 18:24:09.824 1960:00000006 (BlueStacksInstaller) INFO: 10776 OUT: 1 file, 67127503 bytes (65 MiB)
2023-10-20 18:24:09.824 1960:00000006 (BlueStacksInstaller) INFO: 10776 OUT: Extracting archive: C:\Users\ewert\AppData\Local\Temp\7zS40ADF445\CommonInstallUtils.zip
2023-10-20 18:24:10.192 1960:00000003 (BlueStacksInstaller) INFO: Response for event install_properties_inited: 
2023-10-20 18:24:10.192 1960:00000003 (BlueStacksInstaller) INFO: Sending install_window_created. IsEarlyCall: True
2023-10-20 18:24:10.588 1960:00000006 (BlueStacksInstaller) INFO: 10776 OUT: --
2023-10-20 18:24:10.588 1960:00000006 (BlueStacksInstaller) INFO: 10776 OUT: Path = C:\Users\ewert\AppData\Local\Temp\7zS40ADF445\CommonInstallUtils.zip
2023-10-20 18:24:10.588 1960:00000006 (BlueStacksInstaller) INFO: 10776 OUT: Type = zip
2023-10-20 18:24:10.588 1960:00000006 (BlueStacksInstaller) INFO: 10776 OUT: Physical Size = 67127503
2023-10-20 18:24:10.588 1960:0000000A (BlueStacksInstaller) INFO: 10776 OUT: Everything is Ok
2023-10-20 18:24:10.588 1960:0000000A (BlueStacksInstaller) INFO: 10776 OUT: Files: 21
2023-10-20 18:24:10.588 1960:0000000A (BlueStacksInstaller) INFO: 10776 OUT: Size:       87313345
2023-10-20 18:24:10.588 1960:0000000A (BlueStacksInstaller) INFO: 10776 OUT: Compressed: 67127503
2023-10-20 18:24:10.604 1960:00000007 (BlueStacksInstaller) INFO: RunCmd for pid: 10776, exited with ExitCode: 0 
2023-10-20 18:24:10.604 1960:00000007 (BlueStacksInstaller) INFO: Extracting C:\Users\ewert\AppData\Local\Temp\7zS40ADF445\QtRedistx64.zip to C:\Users\ewert\AppData\Local\Temp\7zS40ADF445\
2023-10-20 18:24:10.604 1960:00000007 (BlueStacksInstaller) INFO: RunCmd: Starting: C:\Users\ewert\AppData\Local\Temp\7zS40ADF445\7zr.exe x "C:\Users\ewert\AppData\Local\Temp\7zS40ADF445\QtRedistx64.zip" -o"C:\Users\ewert\AppData\Local\Temp\7zS40ADF445\" -aoa
2023-10-20 18:24:10.635 1960:00000008 (BlueStacksInstaller) INFO: Response for event upgrade_launched: {"fle_obj": {"app_url": null, "campaign_name": "ap-yoosee-us", "exit_utm_campaign": "ap-yoosee-us", "app_icon_url": "https://cloud.bluestacks.com/app/icon?pkg=com.yoosee", "app_pkg": "com.yoosee", "app_name": "Yoosee", "promoter_id": "", "fle_tag": null, "incompatible": "false", "bsx_data": "{}", "transaction_id": "69a6a06e-9b9a-4812-910c-7118e9067d99", "is_auto_download": true, "action": "OpenGameCenter"}, "gl_settings_order": [{"gl_renderer": 1, "gl_mode": 2}, {"gl_renderer": 2, "gl_mode": 2}, {"gl_renderer": 4, "gl_mode": 2}]}
2023-10-20 18:24:10.635 1960:00000008 (BlueStacksInstaller) INFO: The json response for campaign 4249dd406b73cc2d6c8058f49149e3d4 is {"fle_obj": {"app_url": null, "campaign_name": "ap-yoosee-us", "exit_utm_campaign": "ap-yoosee-us", "app_icon_url": "https://cloud.bluestacks.com/app/icon?pkg=com.yoosee", "app_pkg": "com.yoosee", "app_name": "Yoosee", "promoter_id": "", "fle_tag": null, "incompatible": "false", "bsx_data": "{}", "transaction_id": "69a6a06e-9b9a-4812-910c-7118e9067d99", "is_auto_download": true, "action": "OpenGameCenter"}, "gl_settings_order": [{"gl_renderer": 1, "gl_mode": 2}, {"gl_renderer": 2, "gl_mode": 2}, {"gl_renderer": 4, "gl_mode": 2}]}
2023-10-20 18:24:10.635 1960:00000003 (BlueStacksInstaller) INFO: Response for event install_window_created: 
2023-10-20 18:24:10.635 1960:00000003 (BlueStacksInstaller) INFO: Sending install_guid_gen_started. IsEarlyCall: True
2023-10-20 18:24:10.689 1960:00000006 (BlueStacksInstaller) INFO: 9660 OUT: 7-Zip (a) 19.00 (x86) : Copyright (c) 1999-2018 Igor Pavlov : 2019-02-21
2023-10-20 18:24:10.689 1960:00000006 (BlueStacksInstaller) INFO: 9660 OUT: Scanning the drive for archives:
2023-10-20 18:24:10.689 1960:00000006 (BlueStacksInstaller) INFO: 9660 OUT: 1 file, 59388200 bytes (57 MiB)
2023-10-20 18:24:10.689 1960:00000006 (BlueStacksInstaller) INFO: 9660 OUT: Extracting archive: C:\Users\ewert\AppData\Local\Temp\7zS40ADF445\QtRedistx64.zip
2023-10-20 18:24:11.079 1960:00000003 (BlueStacksInstaller) INFO: Response for event install_guid_gen_started: 
2023-10-20 18:24:11.079 1960:00000003 (BlueStacksInstaller) INFO: Sending upgrade_start. IsEarlyCall: True
2023-10-20 18:24:11.546 1960:00000003 (BlueStacksInstaller) INFO: Response for event upgrade_start: 
2023-10-20 18:24:11.553 1960:00000003 (BlueStacksInstaller) INFO: Sending install_os_details. IsEarlyCall: True
2023-10-20 18:24:11.983 1960:00000003 (BlueStacksInstaller) INFO: Response for event install_os_details: 
2023-10-20 18:24:15.873 1960:00000009 (BlueStacksInstaller) INFO: 9660 OUT: --
2023-10-20 18:24:15.873 1960:00000009 (BlueStacksInstaller) INFO: 9660 OUT: Path = C:\Users\ewert\AppData\Local\Temp\7zS40ADF445\QtRedistx64.zip
2023-10-20 18:24:15.873 1960:00000009 (BlueStacksInstaller) INFO: 9660 OUT: Type = zip
2023-10-20 18:24:15.873 1960:00000009 (BlueStacksInstaller) INFO: 9660 OUT: Physical Size = 59388200
2023-10-20 18:24:15.873 1960:00000009 (BlueStacksInstaller) INFO: 9660 OUT: Everything is Ok
2023-10-20 18:24:15.873 1960:00000009 (BlueStacksInstaller) INFO: 9660 OUT: Folders: 27
2023-10-20 18:24:15.873 1960:00000009 (BlueStacksInstaller) INFO: 9660 OUT: Files: 179
2023-10-20 18:24:15.874 1960:00000009 (BlueStacksInstaller) INFO: 9660 OUT: Size:       186564422
2023-10-20 18:24:15.874 1960:00000009 (BlueStacksInstaller) INFO: 9660 OUT: Compressed: 59388200
2023-10-20 18:24:15.878 1960:00000007 (BlueStacksInstaller) INFO: RunCmd for pid: 9660, exited with ExitCode: 0 
2023-10-20 18:24:15.878 1960:00000007 (BlueStacksInstaller) INFO: Enqueue install_commonutils_extracted
2023-10-20 18:24:15.878 1960:00000003 (BlueStacksInstaller) INFO: Sending install_commonutils_extracted. IsEarlyCall: True
2023-10-20 18:24:15.878 1960:00000007 (BlueStacksInstaller) INFO: Initing BridgeApi, try: 1
2023-10-20 18:24:16.140-0300 1960  10624 BRIDGE Installer_bridge I: bridgeApiInitEx:#################### In bridgeApiInit Installer ###############
2023-10-20 18:24:16.140-0300 1960  10624 BRIDGE Installer_bridge I: Loading configuration ...
2023-10-20 18:24:16.143-0300 1960  10624 BRIDGE Installer_bridge I: Configuration loaded successfully...
2023-10-20 18:24:16.146 1960:00000007 (BlueStacksInstaller) INFO: Enqueue install_bridge_inited
2023-10-20 18:24:16.146 1960:00000007 (BlueStacksInstaller) INFO: BrdigeApi initialized!
2023-10-20 18:24:16.146 1960:00000007 (BlueStacksInstaller) INFO: Assigning hypervisor
2023-10-20 18:24:16.146 1960:00000007 (BlueStacksInstaller) INFO: Hypervisor: hyperv
2023-10-20 18:24:16.160 1960:00000007 (BlueStacksInstaller) INFO: PF size: 300MB
2023-10-20 18:24:16.174 1960:00000007 (BlueStacksInstaller) INFO: PD size: 5984MB
2023-10-20 18:24:16.174 1960:00000007 (BlueStacksInstaller) INFO: Deleting directory: C:\Program Files\BlueStacks_nxt.new
2023-10-20 18:24:16.174 1960:00000007 (BlueStacksInstaller) WARNING: Directory does not exist
2023-10-20 18:24:16.174 1960:00000007 (BlueStacksInstaller) INFO: Deleting directory: C:\ProgramData\BlueStacks_nxt.new
2023-10-20 18:24:16.174 1960:00000007 (BlueStacksInstaller) WARNING: Directory does not exist
2023-10-20 18:24:16.174 1960:00000007 (BlueStacksInstaller) INFO: Deleting directory: C:\Program Files\BlueStacks_nxt.old
2023-10-20 18:24:16.174 1960:00000007 (BlueStacksInstaller) WARNING: Directory does not exist
2023-10-20 18:24:16.174 1960:00000007 (BlueStacksInstaller) INFO: Deleting directory: C:\ProgramData\BlueStacks_nxt.old
2023-10-20 18:24:16.174 1960:00000007 (BlueStacksInstaller) WARNING: Directory does not exist
2023-10-20 18:24:16.174 1960:00000007 (BlueStacksInstaller) INFO: Enqueue install_conflicts_cleaned
2023-10-20 18:24:16.174 1960:00000007 (BlueStacksInstaller) INFO: Found running HD-Player.exe
2023-10-20 18:24:16.174 1960:00000007 (BlueStacksInstaller) INFO: Requesting shutdown:  False
2023-10-20 18:24:16.191-0300 1960  10624 MIM    Installer_bridge E: mimRequestShutdownRpc: ipcSendToServer command failed, opcode = 4000
2023-10-20 18:24:16.331 1960:00000003 (BlueStacksInstaller) INFO: Response for event install_commonutils_extracted: 
2023-10-20 18:24:16.331 1960:00000003 (BlueStacksInstaller) INFO: Sending install_bridge_inited. IsEarlyCall: False
2023-10-20 18:24:16.782 1960:00000003 (BlueStacksInstaller) INFO: Response for event install_bridge_inited: 
2023-10-20 18:24:16.782 1960:00000003 (BlueStacksInstaller) INFO: Sending install_conflicts_cleaned. IsEarlyCall: False
2023-10-20 18:24:17.462 1960:00000003 (BlueStacksInstaller) INFO: Response for event install_conflicts_cleaned: 
2023-10-20 18:24:26.277 1960:00000007 (BlueStacksInstaller) INFO: Process exited
2023-10-20 18:24:26.277 1960:00000007 (BlueStacksInstaller) INFO: Killing player processes
2023-10-20 18:24:26.277 1960:00000007 (BlueStacksInstaller) INFO: Killing all BlueStacks processes
2023-10-20 18:24:26.314 1960:00000007 (BlueStacksInstaller) INFO: Stopping service BlueStacksDrv_nxt with timeout 15s
2023-10-20 18:24:26.837 1960:00000007 (BlueStacksInstaller) INFO: Service is running , stopping the service BlueStacksDrv_nxt
2023-10-20 18:24:26.865 1960:00000007 (BlueStacksInstaller) INFO: Service stopped successfully
2023-10-20 18:24:26.865 1960:00000007 (BlueStacksInstaller) INFO: Checking if BlueStacksDrv_nxt is stopped
2023-10-20 18:24:26.865 1960:00000007 (BlueStacksInstaller) INFO: Checking for marked for deletion flag in service BlueStacksDrv_nxt
2023-10-20 18:24:26.865 1960:00000007 (BlueStacksInstaller) INFO: DeleteFlag value not set, presuming not marked
2023-10-20 18:24:26.865 1960:00000007 (BlueStacksInstaller) INFO: Images to install: Pie64
2023-10-20 18:24:26.865 1960:00000007 (BlueStacksInstaller) INFO: VMs: Pie64
2023-10-20 18:24:26.881 1960:00000007 (BlueStacksInstaller) INFO: RunCmd: Starting: C:\Users\ewert\AppData\Local\Temp\7zS40ADF445\HD-ForceGPU.exe 1 "C:\Program Files\BlueStacks_nxt"
2023-10-20 18:24:27.313 1960:00000006 (BlueStacksInstaller) INFO: 3028 OUT: :::::::::: Error : NvAPI library initialization failed
2023-10-20 18:24:27.360 1960:00000006 (BlueStacksInstaller) INFO: 3028 OUT: Setting dedicated gpu
2023-10-20 18:24:27.360 1960:00000007 (BlueStacksInstaller) INFO: RunCmd for pid: 3028, exited with ExitCode: 0 
2023-10-20 18:24:27.360 1960:00000007 (BlueStacksInstaller) INFO: Enqueue install_dedicated_gpu_set
2023-10-20 18:24:27.360 1960:00000007 (BlueStacksInstaller) INFO: Enqueue install_checks_started
2023-10-20 18:24:27.360 1960:00000003 (BlueStacksInstaller) INFO: Sending install_dedicated_gpu_set. IsEarlyCall: False
2023-10-20 18:24:27.360 1960:00000007 (BlueStacksInstaller) INFO: checking path:C:\ProgramData\BlueStacks_nxt.new and attr:-1..
2023-10-20 18:24:27.360 1960:00000007 (BlueStacksInstaller) INFO: checking path:C:\ProgramData and attr:Hidden, Directory, NotContentIndexed..
2023-10-20 18:24:27.360 1960:00000007 (BlueStacksInstaller) INFO: checking path:C:\Program Files\BlueStacks_nxt.new and attr:-1..
2023-10-20 18:24:27.360 1960:00000007 (BlueStacksInstaller) INFO: checking path:C:\Program Files and attr:ReadOnly, Directory..
2023-10-20 18:24:27.360 1960:00000007 (BlueStacksInstaller) INFO: Data and InstallDir same: True
2023-10-20 18:24:27.360 1960:00000007 (BlueStacksInstaller) INFO: Space required InstallDir: 500 MB
2023-10-20 18:24:27.360 1960:00000007 (BlueStacksInstaller) INFO: Space required DataDir: 5120 MB
2023-10-20 18:24:27.360 1960:00000007 (BlueStacksInstaller) INFO: 868062 > 5620?
2023-10-20 18:24:27.360 1960:00000007 (BlueStacksInstaller) INFO: Starting PreInstall Checks
2023-10-20 18:24:27.375 1960:00000007 (BlueStacksInstaller) INFO: Will preserve old GL values
2023-10-20 18:24:27.375 1960:00000007 (BlueStacksInstaller) INFO: RunCmd: Starting: C:\Users\ewert\AppData\Local\Temp\7zS40ADF445\HD-CheckCpu.exe --cmd checkSSE4
2023-10-20 18:24:27.702 1960:00000007 (BlueStacksInstaller) INFO: RunCmd for pid: 2880, exited with ExitCode: 1 
2023-10-20 18:24:27.702 1960:00000007 (BlueStacksInstaller) INFO: Enqueue upgrade_checks_passed
2023-10-20 18:24:27.704 1960:00000008 (BlueStacksInstaller) INFO: Sending system info stats
2023-10-20 18:24:27.705 1960:00000008 (BlueStacksInstaller) INFO: Checking for supported GL Modes
2023-10-20 18:24:27.705 1960:00000008 (BlueStacksInstaller) INFO: Supported GL Modes: 
2023-10-20 18:24:27.722 1960:00000007 (BlueStacksInstaller) INFO: Updating Strings.ImageName: Pie64
2023-10-20 18:24:27.724 1960:00000007 (BlueStacksInstaller) INFO: Deploying BlueStacks Files
2023-10-20 18:24:27.724 1960:00000007 (BlueStacksInstaller) INFO: Extracting C:\Users\ewert\AppData\Local\Temp\7zS40ADF445\PF.zip to C:\Program Files\BlueStacks_nxt.new
2023-10-20 18:24:27.724 1960:00000007 (BlueStacksInstaller) INFO: RunCmd: Starting: C:\Users\ewert\AppData\Local\Temp\7zS40ADF445\7zr.exe x "C:\Users\ewert\AppData\Local\Temp\7zS40ADF445\PF.zip" -o"C:\Program Files\BlueStacks_nxt.new" -aoa
2023-10-20 18:24:27.727 1960:00000008 (BlueStacksInstaller) INFO: Resolution values: guestWidth: 1600 guestHeight: 900
2023-10-20 18:24:27.729 1960:00000008 (BlueStacksInstaller) INFO: Checking if media type ssd for drive: C:\
2023-10-20 18:24:27.733 1960:00000008 (BlueStacksInstaller) INFO: The physical drive number is: 0
2023-10-20 18:24:27.735 1960:00000008 (BlueStacksInstaller) INFO: Checking trim enabled for drive: \\.\PhysicalDrive0
2023-10-20 18:24:27.736 1960:00000008 (BlueStacksInstaller) INFO: Is Trim Enabled: True
2023-10-20 18:24:27.790 1960:00000003 (BlueStacksInstaller) INFO: Response for event install_dedicated_gpu_set: 
2023-10-20 18:24:27.790 1960:00000003 (BlueStacksInstaller) INFO: Sending install_checks_started. IsEarlyCall: False
2023-10-20 18:24:27.921 1960:0000000B (BlueStacksInstaller) INFO: 12988 OUT: 7-Zip (a) 19.00 (x86) : Copyright (c) 1999-2018 Igor Pavlov : 2019-02-21
2023-10-20 18:24:27.921 1960:0000000B (BlueStacksInstaller) INFO: 12988 OUT: Scanning the drive for archives:
2023-10-20 18:24:27.921 1960:0000000B (BlueStacksInstaller) INFO: 12988 OUT: 1 file, 39815058 bytes (38 MiB)
2023-10-20 18:24:27.921 1960:0000000B (BlueStacksInstaller) INFO: 12988 OUT: Extracting archive: C:\Users\ewert\AppData\Local\Temp\7zS40ADF445\PF.zip
2023-10-20 18:24:27.937 1960:00000008 (BlueStacksInstaller) INFO: Will run C:\Users\ewert\AppData\Local\Temp\7zS40ADF445\\HD-GLCheck.exe with args 2
2023-10-20 18:24:28.241 1960:00000003 (BlueStacksInstaller) INFO: Response for event install_checks_started: 
2023-10-20 18:24:28.241 1960:00000003 (BlueStacksInstaller) INFO: Sending upgrade_checks_passed. IsEarlyCall: False
2023-10-20 18:24:28.760 1960:00000003 (BlueStacksInstaller) INFO: Response for event upgrade_checks_passed: 
2023-10-20 18:24:29.465 1960:00000008 (BlueStacksInstaller) INFO: 12124 EXIT: 0
2023-10-20 18:24:29.465 1960:00000008 (BlueStacksInstaller) INFO: Will run C:\Users\ewert\AppData\Local\Temp\7zS40ADF445\\HD-GLCheck.exe with args 3
2023-10-20 18:24:29.995 1960:00000008 (BlueStacksInstaller) INFO: 4112 EXIT: 0
2023-10-20 18:24:29.995 1960:00000008 (BlueStacksInstaller) INFO: Will run C:\Users\ewert\AppData\Local\Temp\7zS40ADF445\\HD-GLCheck.exe with args 1
2023-10-20 18:24:30.748 1960:00000008 (BlueStacksInstaller) INFO: 12368 EXIT: 0
2023-10-20 18:24:30.768 1960:00000008 (BlueStacksInstaller) INFO: Sending system info stats
2023-10-20 18:24:31.335 1960:00000008 (BlueStacksInstaller) INFO: Stat sent
2023-10-20 18:24:31.335 1960:00000008 (BlueStacksInstaller) INFO: SysInfo- supported_glmodes: 
2023-10-20 18:24:31.335 1960:00000008 (BlueStacksInstaller) INFO: SysInfo- glmode: MQ==
2023-10-20 18:24:31.335 1960:00000008 (BlueStacksInstaller) INFO: SysInfo- glrendermode: MQ==
2023-10-20 18:24:31.335 1960:00000008 (BlueStacksInstaller) INFO: SysInfo- gl_vendor: 
2023-10-20 18:24:31.335 1960:00000008 (BlueStacksInstaller) INFO: SysInfo- gl_renderer: 
2023-10-20 18:24:31.335 1960:00000008 (BlueStacksInstaller) INFO: SysInfo- gl_version: 
2023-10-20 18:24:31.335 1960:00000008 (BlueStacksInstaller) INFO: SysInfo- bstr: MTYwMHg5MDA=
2023-10-20 18:24:31.335 1960:00000008 (BlueStacksInstaller) INFO: SysInfo- guid: OWM0ZjBlOTctOGQ4NS00NTFhLWJkZGMtNTMwNWMwODViMTI1
2023-10-20 18:24:31.335 1960:00000008 (BlueStacksInstaller) INFO: SysInfo- install_id: 7b72fbc7-143a-4426-9941-1af01541b345
2023-10-20 18:24:31.335 1960:00000008 (BlueStacksInstaller) INFO: SysInfo- program_data_drive_type: ssd
2023-10-20 18:24:31.335 1960:00000008 (BlueStacksInstaller) INFO: SysInfo- is_touch_supported: False
2023-10-20 18:24:31.335 1960:00000008 (BlueStacksInstaller) INFO: SysInfo- p: SW50ZWwoUikgQ2VsZXJvbihSKSBONTEwNSBAIDIuMDBHSHo=
2023-10-20 18:24:31.335 1960:00000008 (BlueStacksInstaller) INFO: SysInfo- nop: NA==
2023-10-20 18:24:31.335 1960:00000008 (BlueStacksInstaller) INFO: SysInfo- g: SW50ZWwoUikgVUhEIEdyYXBoaWNz
2023-10-20 18:24:31.335 1960:00000008 (BlueStacksInstaller) INFO: SysInfo- gd: MzEuMC4xMDEuMTk5OQ==
2023-10-20 18:24:31.335 1960:00000008 (BlueStacksInstaller) INFO: SysInfo- o: TWljcm9zb2Z0IFdpbmRvd3MgMTEgUHJvIDEwLjAuMjI2MjEuMA==
2023-10-20 18:24:31.335 1960:00000008 (BlueStacksInstaller) INFO: SysInfo- osv: MTAuMA==
2023-10-20 18:24:31.335 1960:00000008 (BlueStacksInstaller) INFO: SysInfo- sr: MTkyMHgxMDgw
2023-10-20 18:24:31.335 1960:00000008 (BlueStacksInstaller) INFO: SysInfo- dnv: NC44LjA5MDMyIEZ1bGw=
2023-10-20 18:24:31.335 1960:00000008 (BlueStacksInstaller) INFO: SysInfo- osl: cHQtYnI=
2023-10-20 18:24:31.335 1960:00000008 (BlueStacksInstaller) INFO: SysInfo- oem_info: QVpXIFU1OQ==
2023-10-20 18:24:31.335 1960:00000008 (BlueStacksInstaller) INFO: SysInfo- ram: MTYxMzE=
2023-10-20 18:24:31.335 1960:00000008 (BlueStacksInstaller) INFO: SysInfo- hypervisor: aHlwZXJ2
2023-10-20 18:24:31.335 1960:00000008 (BlueStacksInstaller) INFO: SysInfo- machine_type: NjQgYml0
2023-10-20 18:24:31.335 1960:00000008 (BlueStacksInstaller) INFO: SysInfo- dx9check: MQ==
2023-10-20 18:24:31.335 1960:00000008 (BlueStacksInstaller) INFO: SysInfo- dx11check: MQ==
2023-10-20 18:24:31.335 1960:00000008 (BlueStacksInstaller) INFO: SysInfo- gl_check: MQ==
2023-10-20 18:24:31.335 1960:00000008 (BlueStacksInstaller) INFO: SysInfo- two_camera: 0
2023-10-20 18:24:31.335 1960:00000008 (BlueStacksInstaller) INFO: SysInfo- prod_ver: 5.13.215.1003
2023-10-20 18:24:31.757 1960:00000009 (BlueStacksInstaller) INFO: 12988 OUT: --
2023-10-20 18:24:31.757 1960:00000009 (BlueStacksInstaller) INFO: 12988 OUT: Path = C:\Users\ewert\AppData\Local\Temp\7zS40ADF445\PF.zip
2023-10-20 18:24:31.757 1960:00000009 (BlueStacksInstaller) INFO: 12988 OUT: Type = zip
2023-10-20 18:24:31.757 1960:00000009 (BlueStacksInstaller) INFO: 12988 OUT: Physical Size = 39815058
2023-10-20 18:24:31.757 1960:0000000B (BlueStacksInstaller) INFO: 12988 OUT: Everything is Ok
2023-10-20 18:24:31.757 1960:0000000B (BlueStacksInstaller) INFO: 12988 OUT: Folders: 1
2023-10-20 18:24:31.757 1960:0000000B (BlueStacksInstaller) INFO: 12988 OUT: Files: 105
2023-10-20 18:24:31.757 1960:0000000B (BlueStacksInstaller) INFO: 12988 OUT: Size:       128836817
2023-10-20 18:24:31.757 1960:0000000B (BlueStacksInstaller) INFO: 12988 OUT: Compressed: 39815058
2023-10-20 18:24:31.757 1960:00000007 (BlueStacksInstaller) INFO: RunCmd for pid: 12988, exited with ExitCode: 0 
2023-10-20 18:24:31.757 1960:00000007 (BlueStacksInstaller) INFO: This machine prefers ASTC decoder library HD-Astcdecoder_SSE42.dll.
2023-10-20 18:24:31.757 1960:00000007 (BlueStacksInstaller) INFO: Extracting C:\Users\ewert\AppData\Local\Temp\7zS40ADF445\QtRedistx64.zip to C:\Program Files\BlueStacks_nxt.new
2023-10-20 18:24:31.757 1960:00000007 (BlueStacksInstaller) INFO: RunCmd: Starting: C:\Users\ewert\AppData\Local\Temp\7zS40ADF445\7zr.exe x "C:\Users\ewert\AppData\Local\Temp\7zS40ADF445\QtRedistx64.zip" -o"C:\Program Files\BlueStacks_nxt.new" -aoa
2023-10-20 18:24:31.820 1960:0000000A (BlueStacksInstaller) INFO: 1660 OUT: 7-Zip (a) 19.00 (x86) : Copyright (c) 1999-2018 Igor Pavlov : 2019-02-21
2023-10-20 18:24:31.820 1960:0000000A (BlueStacksInstaller) INFO: 1660 OUT: Scanning the drive for archives:
2023-10-20 18:24:31.820 1960:0000000A (BlueStacksInstaller) INFO: 1660 OUT: 1 file, 59388200 bytes (57 MiB)
2023-10-20 18:24:31.820 1960:0000000A (BlueStacksInstaller) INFO: 1660 OUT: Extracting archive: C:\Users\ewert\AppData\Local\Temp\7zS40ADF445\QtRedistx64.zip
2023-10-20 18:24:36.665 1960:00000009 (BlueStacksInstaller) INFO: 1660 OUT: --
2023-10-20 18:24:36.665 1960:00000009 (BlueStacksInstaller) INFO: 1660 OUT: Path = C:\Users\ewert\AppData\Local\Temp\7zS40ADF445\QtRedistx64.zip
2023-10-20 18:24:36.665 1960:00000009 (BlueStacksInstaller) INFO: 1660 OUT: Type = zip
2023-10-20 18:24:36.665 1960:00000009 (BlueStacksInstaller) INFO: 1660 OUT: Physical Size = 59388200
2023-10-20 18:24:36.711 1960:00000009 (BlueStacksInstaller) INFO: 1660 OUT: Everything is Ok
2023-10-20 18:24:36.711 1960:00000009 (BlueStacksInstaller) INFO: 1660 OUT: Folders: 27
2023-10-20 18:24:36.711 1960:00000009 (BlueStacksInstaller) INFO: 1660 OUT: Files: 179
2023-10-20 18:24:36.711 1960:00000009 (BlueStacksInstaller) INFO: 1660 OUT: Size:       186564422
2023-10-20 18:24:36.711 1960:00000009 (BlueStacksInstaller) INFO: 1660 OUT: Compressed: 59388200
2023-10-20 18:24:36.711 1960:00000007 (BlueStacksInstaller) INFO: RunCmd for pid: 1660, exited with ExitCode: 0 
2023-10-20 18:24:36.711 1960:00000007 (BlueStacksInstaller) INFO: Extracting C:\Users\ewert\AppData\Local\Temp\7zS40ADF445\PD.zip to C:\ProgramData\BlueStacks_nxt.new
2023-10-20 18:24:36.711 1960:00000007 (BlueStacksInstaller) INFO: RunCmd: Starting: C:\Users\ewert\AppData\Local\Temp\7zS40ADF445\7zr.exe x "C:\Users\ewert\AppData\Local\Temp\7zS40ADF445\PD.zip" -o"C:\ProgramData\BlueStacks_nxt.new" -aoa
2023-10-20 18:24:36.972 1960:0000000B (BlueStacksInstaller) INFO: 10224 OUT: 7-Zip (a) 19.00 (x86) : Copyright (c) 1999-2018 Igor Pavlov : 2019-02-21
2023-10-20 18:24:36.972 1960:0000000B (BlueStacksInstaller) INFO: 10224 OUT: Scanning the drive for archives:
2023-10-20 18:24:36.972 1960:0000000B (BlueStacksInstaller) INFO: 10224 OUT: 1 file, 524918 bytes (513 KiB)
2023-10-20 18:24:36.972 1960:0000000B (BlueStacksInstaller) INFO: 10224 OUT: Extracting archive: C:\Users\ewert\AppData\Local\Temp\7zS40ADF445\PD.zip
2023-10-20 18:24:37.170 1960:00000009 (BlueStacksInstaller) INFO: 10224 OUT: --
2023-10-20 18:24:37.170 1960:00000009 (BlueStacksInstaller) INFO: 10224 OUT: Path = C:\Users\ewert\AppData\Local\Temp\7zS40ADF445\PD.zip
2023-10-20 18:24:37.170 1960:00000009 (BlueStacksInstaller) INFO: 10224 OUT: Type = zip
2023-10-20 18:24:37.170 1960:00000009 (BlueStacksInstaller) INFO: 10224 OUT: Physical Size = 524918
2023-10-20 18:24:37.170 1960:0000000B (BlueStacksInstaller) INFO: 10224 OUT: Everything is Ok
2023-10-20 18:24:37.170 1960:0000000B (BlueStacksInstaller) INFO: 10224 OUT: Folders: 14
2023-10-20 18:24:37.170 1960:0000000B (BlueStacksInstaller) INFO: 10224 OUT: Files: 81
2023-10-20 18:24:37.170 1960:0000000B (BlueStacksInstaller) INFO: 10224 OUT: Size:       1183144
2023-10-20 18:24:37.170 1960:0000000B (BlueStacksInstaller) INFO: 10224 OUT: Compressed: 524918
2023-10-20 18:24:37.178 1960:00000007 (BlueStacksInstaller) INFO: RunCmd for pid: 10224, exited with ExitCode: 0 
2023-10-20 18:24:37.179 1960:00000007 (BlueStacksInstaller) INFO: Extracting android images: Pie64
2023-10-20 18:24:37.179 1960:00000007 (BlueStacksInstaller) INFO: Image: Pie64
2023-10-20 18:24:37.180 1960:00000007 (BlueStacksInstaller) INFO: Extracting C:\ProgramData\Pie64_5.13.215.1003.exe to C:\ProgramData\BlueStacks_nxt.new\Engine\Pie64
2023-10-20 18:24:37.180 1960:00000007 (BlueStacksInstaller) INFO: RunCmd: Starting: C:\Users\ewert\AppData\Local\Temp\7zS40ADF445\7zr.exe x "C:\ProgramData\Pie64_5.13.215.1003.exe" -o"C:\ProgramData\BlueStacks_nxt.new\Engine\Pie64" -aoa
2023-10-20 18:24:37.282 1960:00000009 (BlueStacksInstaller) INFO: 7124 OUT: 7-Zip (a) 19.00 (x86) : Copyright (c) 1999-2018 Igor Pavlov : 2019-02-21
2023-10-20 18:24:37.282 1960:00000009 (BlueStacksInstaller) INFO: 7124 OUT: Scanning the drive for archives:
2023-10-20 18:24:37.282 1960:00000009 (BlueStacksInstaller) INFO: 7124 OUT: 1 file, 545469843 bytes (521 MiB)
2023-10-20 18:24:37.282 1960:00000009 (BlueStacksInstaller) INFO: 7124 OUT: Extracting archive: C:\ProgramData\Pie64_5.13.215.1003.exe
2023-10-20 18:24:53.514 1960:0000000B (BlueStacksInstaller) INFO: 7124 OUT: --
2023-10-20 18:24:53.514 1960:0000000B (BlueStacksInstaller) INFO: 7124 OUT: Path = C:\ProgramData\Pie64_5.13.215.1003.exe
2023-10-20 18:24:53.514 1960:0000000B (BlueStacksInstaller) INFO: 7124 OUT: Type = 7z
2023-10-20 18:24:53.514 1960:0000000B (BlueStacksInstaller) INFO: 7124 OUT: Offset = 392848
2023-10-20 18:24:53.514 1960:0000000B (BlueStacksInstaller) INFO: 7124 OUT: Physical Size = 545076995
2023-10-20 18:24:53.514 1960:0000000B (BlueStacksInstaller) INFO: 7124 OUT: Headers Size = 350
2023-10-20 18:24:53.514 1960:0000000B (BlueStacksInstaller) INFO: 7124 OUT: Method = LZMA2:24 BCJ
2023-10-20 18:24:53.515 1960:0000000B (BlueStacksInstaller) INFO: 7124 OUT: Solid = +
2023-10-20 18:24:53.515 1960:0000000B (BlueStacksInstaller) INFO: 7124 OUT: Blocks = 1
2023-10-20 18:24:53.515 1960:00000009 (BlueStacksInstaller) INFO: 7124 OUT: Everything is Ok
2023-10-20 18:24:53.515 1960:00000009 (BlueStacksInstaller) INFO: 7124 OUT: Files: 7
2023-10-20 18:24:53.515 1960:00000009 (BlueStacksInstaller) INFO: 7124 OUT: Size:       1812190007
2023-10-20 18:24:53.515 1960:00000009 (BlueStacksInstaller) INFO: 7124 OUT: Compressed: 545469843
2023-10-20 18:24:53.517 1960:00000007 (BlueStacksInstaller) INFO: RunCmd for pid: 7124, exited with ExitCode: 0 
2023-10-20 18:24:53.517 1960:00000007 (BlueStacksInstaller) INFO: Deleting: C:\ProgramData\Pie64_5.13.215.1003.exe
2023-10-20 18:24:54.414 1960:00000007 (BlueStacksInstaller) INFO: RunCmd: Starting: netsh.exe advfirewall firewall delete rule name="BlueStacks Service"
2023-10-20 18:24:58.136 1960:00000007 (BlueStacksInstaller) INFO: RunCmd for pid: 13744, exited with ExitCode: 0 
2023-10-20 18:24:58.137 1960:00000007 (BlueStacksInstaller) INFO: Adding firewall rule fo bin C:\Program Files\BlueStacks_nxt\HD-Player.exe
2023-10-20 18:24:58.137 1960:00000007 (BlueStacksInstaller) INFO: RunCmd: Starting: netsh.exe advfirewall firewall add rule name="BlueStacks Service" dir=in action=allow program="C:\Program Files\BlueStacks_nxt\HD-Player.exe" enable=yes
2023-10-20 18:24:58.310 1960:00000007 (BlueStacksInstaller) INFO: RunCmd for pid: 14220, exited with ExitCode: 0 
2023-10-20 18:24:58.310 1960:00000007 (BlueStacksInstaller) INFO: RunCmd: Starting: netsh.exe advfirewall firewall delete rule name="BlueStacksAppplayerWeb"
2023-10-20 18:24:58.470 1960:00000007 (BlueStacksInstaller) INFO: RunCmd for pid: 14312, exited with ExitCode: 0 
2023-10-20 18:24:58.470 1960:00000007 (BlueStacksInstaller) INFO: Adding firewall rule fo bin C:\Program Files\BlueStacks_nxt\BlueStacksAppplayerWeb.exe
2023-10-20 18:24:58.470 1960:00000007 (BlueStacksInstaller) INFO: RunCmd: Starting: netsh.exe advfirewall firewall add rule name="BlueStacksAppplayerWeb" dir=in action=allow program="C:\Program Files\BlueStacks_nxt\BlueStacksAppplayerWeb.exe" enable=yes
2023-10-20 18:24:58.607 1960:00000007 (BlueStacksInstaller) INFO: RunCmd for pid: 12160, exited with ExitCode: 0 
2023-10-20 18:24:59.037 1960:00000007 (BlueStacksInstaller) INFO: In ConfManager.CreateProperties
2023-10-20 18:24:59.501 1960:00000007 (BlueStacksInstaller) INFO: Got resp: {"is_valid_code": true, "p_code": "stou", "code": "076", "no_changes_droidg": 1, "success": true, "abi_value": "15", "malloc_value": "jem", "ca_selector": "se_72405", "dns": "8.8.8.8", "dns2": "10.0.2.3"}
2023-10-20 18:25:00.017 1960:00000007 (BlueStacksInstaller) INFO: Will run C:\Users\ewert\AppData\Local\Temp\7zS40ADF445\HD-CheckCpu.exe
2023-10-20 18:25:00.048 1960:0000000A (BlueStacksInstaller) INFO: HD-CheckCpu.exe: GenuineIntel
2023-10-20 18:25:00.048 1960:0000000B (BlueStacksInstaller) INFO: HD-CheckCpu.exe: Intel(R) Celeron(R) N5105 @ 2.00GHz
2023-10-20 18:25:00.048 1960:0000000B (BlueStacksInstaller) INFO: HD-CheckCpu.exe: 3DNOW not supported
2023-10-20 18:25:00.048 1960:0000000B (BlueStacksInstaller) INFO: HD-CheckCpu.exe: 3DNOWEXT not supported
2023-10-20 18:25:00.048 1960:0000000B (BlueStacksInstaller) INFO: HD-CheckCpu.exe: ABM not supported
2023-10-20 18:25:00.048 1960:0000000B (BlueStacksInstaller) INFO: HD-CheckCpu.exe: ADX not supported
2023-10-20 18:25:00.048 1960:0000000B (BlueStacksInstaller) INFO: HD-CheckCpu.exe: AES supported
2023-10-20 18:25:00.048 1960:0000000B (BlueStacksInstaller) INFO: HD-CheckCpu.exe: AVX not supported
2023-10-20 18:25:00.048 1960:0000000B (BlueStacksInstaller) INFO: HD-CheckCpu.exe: AVX2 not supported
2023-10-20 18:25:00.048 1960:0000000B (BlueStacksInstaller) INFO: HD-CheckCpu.exe: AVX512CD not supported
2023-10-20 18:25:00.048 1960:0000000B (BlueStacksInstaller) INFO: HD-CheckCpu.exe: AVX512ER not supported
2023-10-20 18:25:00.048 1960:0000000B (BlueStacksInstaller) INFO: HD-CheckCpu.exe: AVX512F not supported
2023-10-20 18:25:00.048 1960:0000000B (BlueStacksInstaller) INFO: HD-CheckCpu.exe: AVX512PF not supported
2023-10-20 18:25:00.048 1960:0000000B (BlueStacksInstaller) INFO: HD-CheckCpu.exe: BMI1 not supported
2023-10-20 18:25:00.048 1960:0000000B (BlueStacksInstaller) INFO: HD-CheckCpu.exe: BMI2 not supported
2023-10-20 18:25:00.048 1960:0000000B (BlueStacksInstaller) INFO: HD-CheckCpu.exe: CLFSH supported
2023-10-20 18:25:00.048 1960:0000000B (BlueStacksInstaller) INFO: HD-CheckCpu.exe: CMPXCHG16B supported
2023-10-20 18:25:00.048 1960:0000000B (BlueStacksInstaller) INFO: HD-CheckCpu.exe: CX8 supported
2023-10-20 18:25:00.048 1960:0000000B (BlueStacksInstaller) INFO: HD-CheckCpu.exe: ERMS supported
2023-10-20 18:25:00.048 1960:0000000B (BlueStacksInstaller) INFO: HD-CheckCpu.exe: F16C not supported
2023-10-20 18:25:00.048 1960:0000000B (BlueStacksInstaller) INFO: HD-CheckCpu.exe: FMA not supported
2023-10-20 18:25:00.048 1960:0000000B (BlueStacksInstaller) INFO: HD-CheckCpu.exe: FSGSBASE supported
2023-10-20 18:25:00.048 1960:0000000B (BlueStacksInstaller) INFO: HD-CheckCpu.exe: FXSR supported
2023-10-20 18:25:00.048 1960:0000000B (BlueStacksInstaller) INFO: HD-CheckCpu.exe: HLE not supported
2023-10-20 18:25:00.048 1960:0000000B (BlueStacksInstaller) INFO: HD-CheckCpu.exe: INVPCID not supported
2023-10-20 18:25:00.048 1960:0000000B (BlueStacksInstaller) INFO: HD-CheckCpu.exe: LAHF supported
2023-10-20 18:25:00.048 1960:0000000B (BlueStacksInstaller) INFO: HD-CheckCpu.exe: LZCNT not supported
2023-10-20 18:25:00.048 1960:0000000B (BlueStacksInstaller) INFO: HD-CheckCpu.exe: MMX supported
2023-10-20 18:25:00.048 1960:0000000B (BlueStacksInstaller) INFO: HD-CheckCpu.exe: MMXEXT not supported
2023-10-20 18:25:00.048 1960:0000000B (BlueStacksInstaller) INFO: HD-CheckCpu.exe: MONITOR supported
2023-10-20 18:25:00.048 1960:0000000B (BlueStacksInstaller) INFO: HD-CheckCpu.exe: MOVBE supported
2023-10-20 18:25:00.048 1960:0000000B (BlueStacksInstaller) INFO: HD-CheckCpu.exe: MSR supported
2023-10-20 18:25:00.048 1960:0000000B (BlueStacksInstaller) INFO: HD-CheckCpu.exe: OSXSAVE supported
2023-10-20 18:25:00.048 1960:0000000B (BlueStacksInstaller) INFO: HD-CheckCpu.exe: PCLMULQDQ supported
2023-10-20 18:25:00.048 1960:0000000B (BlueStacksInstaller) INFO: HD-CheckCpu.exe: POPCNT supported
2023-10-20 18:25:00.048 1960:0000000B (BlueStacksInstaller) INFO: HD-CheckCpu.exe: PREFETCHWT1 not supported
2023-10-20 18:25:00.048 1960:0000000B (BlueStacksInstaller) INFO: HD-CheckCpu.exe: RDRAND supported
2023-10-20 18:25:00.064 1960:0000000B (BlueStacksInstaller) INFO: HD-CheckCpu.exe: RDSEED supported
2023-10-20 18:25:00.064 1960:0000000B (BlueStacksInstaller) INFO: HD-CheckCpu.exe: RDTSCP supported
2023-10-20 18:25:00.064 1960:0000000B (BlueStacksInstaller) INFO: HD-CheckCpu.exe: RTM not supported
2023-10-20 18:25:00.064 1960:0000000B (BlueStacksInstaller) INFO: HD-CheckCpu.exe: SEP supported
2023-10-20 18:25:00.064 1960:0000000B (BlueStacksInstaller) INFO: HD-CheckCpu.exe: SHA supported
2023-10-20 18:25:00.064 1960:0000000B (BlueStacksInstaller) INFO: HD-CheckCpu.exe: SSE supported
2023-10-20 18:25:00.064 1960:0000000B (BlueStacksInstaller) INFO: HD-CheckCpu.exe: SSE2 supported
2023-10-20 18:25:00.064 1960:0000000B (BlueStacksInstaller) INFO: HD-CheckCpu.exe: SSE3 supported
2023-10-20 18:25:00.064 1960:0000000B (BlueStacksInstaller) INFO: HD-CheckCpu.exe: SSE4.1 supported
2023-10-20 18:25:00.064 1960:0000000B (BlueStacksInstaller) INFO: HD-CheckCpu.exe: SSE4.2 supported
2023-10-20 18:25:00.064 1960:0000000B (BlueStacksInstaller) INFO: HD-CheckCpu.exe: SSE4a not supported
2023-10-20 18:25:00.064 1960:0000000B (BlueStacksInstaller) INFO: HD-CheckCpu.exe: SSSE3 supported
2023-10-20 18:25:00.064 1960:0000000B (BlueStacksInstaller) INFO: HD-CheckCpu.exe: SYSCALL supported
2023-10-20 18:25:00.064 1960:0000000B (BlueStacksInstaller) INFO: HD-CheckCpu.exe: TBM not supported
2023-10-20 18:25:00.064 1960:0000000B (BlueStacksInstaller) INFO: HD-CheckCpu.exe: XOP not supported
2023-10-20 18:25:00.064 1960:0000000B (BlueStacksInstaller) INFO: HD-CheckCpu.exe: XSAVE supported
2023-10-20 18:25:00.064 1960:00000007 (BlueStacksInstaller) INFO: 12536 EXIT: 1
2023-10-20 18:25:00.064 1960:00000007 (BlueStacksInstaller) INFO: Finding closest locale match to pt-BR
2023-10-20 18:25:00.064 1960:00000007 (BlueStacksInstaller) INFO: Match found by region: pt-BR
2023-10-20 18:25:00.064 1960:00000007 (BlueStacksInstaller) INFO: Fetching cpu info list for showing virtualization popup
2023-10-20 18:25:00.470 1960:00000007 (BlueStacksInstaller) INFO: CPU version: Intel(R) Celeron(R) N5105 @ 2.00GHz
2023-10-20 18:25:00.470 1960:00000007 (BlueStacksInstaller) INFO: Fetching cloud conf details details
2023-10-20 18:25:00.875 1960:00000007 (BlueStacksInstaller) INFO: conf successfully updated form cloud
2023-10-20 18:25:00.875 1960:00000007 (BlueStacksInstaller) INFO: Bluestacks.conf writing to path: C:\ProgramData\BlueStacks_nxt.new\bluestacks.conf
2023-10-20 18:25:00.876-0300 1960  10624 BRIDGE Installer_bridge I: bridgeConfCommitToFile args: C:\ProgramData\BlueStacks_nxt.new\bluestacks.conf
2023-10-20 18:25:00.876-0300 1960  10624 CONF   Installer_bridge I: confCommitToFile args: C:\ProgramData\BlueStacks_nxt.new\bluestacks.conf
2023-10-20 18:25:00.909 1960:00000007 (BlueStacksInstaller) INFO: Reading bluestacks.conf
2023-10-20 18:25:00.909 1960:00000007 (BlueStacksInstaller) INFO: Reading bluestacks.conf
2023-10-20 18:25:00.912 1960:00000007 (BlueStacksInstaller) INFO: Creating bstk file for image Pie64
2023-10-20 18:25:00.914 1960:00000007 (BlueStacksInstaller) INFO: Getting Android VM Memory
2023-10-20 18:25:00.954 1960:00000007 (BlueStacksInstaller) INFO: Total RAM = 16131 MB
2023-10-20 18:25:00.955 1960:00000007 (BlueStacksInstaller) INFO: Using RAM: 2048MB
2023-10-20 18:25:00.966 1960:00000007 (BlueStacksInstaller) INFO: Will install driver with file path: C:\Program Files\BlueStacks_nxt\BstkDrv_nxt.sys, DriverName: BlueStacksDrv_nxt, DisplayName: BlueStacks Hypervisor_nxt
2023-10-20 18:25:02.356 1960:00000007 (BlueStacksInstaller) WARNING: An existing driver with the same name exists. Will uninstall
2023-10-20 18:25:02.356 1960:00000007 (BlueStacksInstaller) INFO: Uninstalling driver BlueStacksDrv_nxt
2023-10-20 18:25:02.356 1960:00000007 (BlueStacksInstaller) INFO: Stopping service BlueStacksDrv_nxt with timeout 15s
2023-10-20 18:25:02.356 1960:00000007 (BlueStacksInstaller) INFO: Service BlueStacksDrv_nxt stopped
2023-10-20 18:25:02.356 1960:00000007 (BlueStacksInstaller) INFO: RunCmd: Starting: cmd.exe /c "sc.exe delete BlueStacksDrv_nxt"
2023-10-20 18:25:02.450 1960:00000006 (BlueStacksInstaller) INFO: 14076 OUT: [SC] DeleteService EXITO
2023-10-20 18:25:02.466 1960:00000007 (BlueStacksInstaller) INFO: RunCmd for pid: 14076, exited with ExitCode: 0 
2023-10-20 18:25:02.466 1960:00000007 (BlueStacksInstaller) INFO: Checking for marked for deletion flag in service BlueStacksDrv_nxt
2023-10-20 18:25:02.466 1960:00000007 (BlueStacksInstaller) INFO: DeleteFlag value not set, presuming not marked
2023-10-20 18:25:02.466 1960:00000007 (BlueStacksInstaller) INFO: Successfully created service BlueStacksDrv_nxt
2023-10-20 18:25:02.466 1960:00000007 (BlueStacksInstaller) INFO: SetServicePermissions BlueStacksDrv_nxt
2023-10-20 18:25:02.481 1960:00000007 (BlueStacksInstaller) INFO: Successfully set DACL
2023-10-20 18:25:02.481 1960:00000007 (BlueStacksInstaller) INFO: Successfully installed driver
2023-10-20 18:25:02.481 1960:00000007 (BlueStacksInstaller) INFO: HandleEngineDataUpgrade for ImageBased builds start
2023-10-20 18:25:02.481 1960:00000007 (BlueStacksInstaller) INFO: In CopyVBoxManagerFile
2023-10-20 18:25:02.481 1960:00000007 (BlueStacksInstaller) INFO: In image upgrade method RestoreOldAndroidImageData
2023-10-20 18:25:02.481 1960:00000007 (BlueStacksInstaller) INFO: Path in engine folder list: C:\ProgramData\BlueStacks_nxt\Engine\Manager
2023-10-20 18:25:02.481 1960:00000007 (BlueStacksInstaller) INFO: Path in engine folder list: C:\ProgramData\BlueStacks_nxt\Engine\Pie64
2023-10-20 18:25:02.481 1960:00000007 (BlueStacksInstaller) INFO: In CopyAndroidImageData: Pie64 src:C:\ProgramData\BlueStacks_nxt\Engine\Pie64 dest:C:\ProgramData\BlueStacks_nxt.new\Engine\Pie64
2023-10-20 18:25:02.481 1960:00000007 (BlueStacksInstaller) INFO: In CopyAppCachedata
2023-10-20 18:25:02.497 1960:00000007 (BlueStacksInstaller) INFO: Copying C:\ProgramData\BlueStacks_nxt\Engine\Pie64\AppCache to C:\ProgramData\BlueStacks_nxt.new\Engine\Pie64\AppCache
2023-10-20 18:25:02.640 1960:00000007 (BlueStacksInstaller) INFO: Creating link from C:\ProgramData\BlueStacks_nxt\Engine\Pie64\Data.vhdx to C:\ProgramData\BlueStacks_nxt.new\Engine\Pie64\Data.vhdx
2023-10-20 18:25:02.642 1960:00000007 (BlueStacksInstaller) INFO: Creating link from C:\ProgramData\BlueStacks_nxt\Engine\Pie64\HypervVm.json to C:\ProgramData\BlueStacks_nxt.new\Engine\Pie64\HypervVm.json
2023-10-20 18:25:02.643 1960:00000007 (BlueStacksInstaller) INFO: In HandleAndroidBSTKFile for Pie64
2023-10-20 18:25:02.644 1960:00000007 (BlueStacksInstaller) INFO: Loading XMLContent from C:\ProgramData\BlueStacks_nxt.new\Engine\Pie64\Pie64.bstk
2023-10-20 18:25:02.655 1960:00000007 (BlueStacksInstaller) INFO: Loading XMLContent from C:\ProgramData\BlueStacks_nxt\Engine\Pie64\Pie64.bstk
2023-10-20 18:25:02.659 1960:00000007 (BlueStacksInstaller) INFO: In FixUuid
2023-10-20 18:25:02.659 1960:00000007 (BlueStacksInstaller) INFO: Old data uuid: {52439b89-88eb-4dfa-92c0-1f7bdc85fc0f}
2023-10-20 18:25:02.661 1960:00000007 (BlueStacksInstaller) INFO: Path in engine folder list: C:\ProgramData\BlueStacks_nxt\Engine\UserData
2023-10-20 18:25:02.662 1960:00000007 (BlueStacksInstaller) INFO: Copying C:\ProgramData\BlueStacks_nxt\Engine\UserData\SharedFolder to C:\ProgramData\BlueStacks_nxt.new\Engine\UserData\SharedFolder
2023-10-20 18:25:02.663 1960:00000007 (BlueStacksInstaller) INFO: Copying C:\ProgramData\BlueStacks_nxt\Engine\UserData\InputMapper\UserFiles to C:\ProgramData\BlueStacks_nxt.new\Engine\UserData\InputMapper\UserFiles
2023-10-20 18:25:02.664 1960:00000007 (BlueStacksInstaller) INFO: Copying C:\ProgramData\BlueStacks_nxt\Engine\UserData\InputMapper\UserScripts to C:\ProgramData\BlueStacks_nxt.new\Engine\UserData\InputMapper\UserScripts
2023-10-20 18:25:02.668 1960:00000007 (BlueStacksInstaller) INFO: RestoreOldLogs start
2023-10-20 18:25:02.668 1960:00000007 (BlueStacksInstaller) INFO: Restoring logs with version: 5.13.200.1028
2023-10-20 18:25:02.668 1960:00000007 (BlueStacksInstaller) INFO: Creating link from C:\ProgramData\BlueStacks_nxt\Logs\.log to C:\ProgramData\BlueStacks_nxt.new\Logs\_5.13.200.1028.log
2023-10-20 18:25:02.668 1960:00000007 (BlueStacksInstaller) INFO: Creating link from C:\ProgramData\BlueStacks_nxt\Logs\BlueStacksUsers.log to C:\ProgramData\BlueStacks_nxt.new\Logs\BlueStacksUsers_5.13.200.1028.log
2023-10-20 18:25:02.679 1960:00000007 (BlueStacksInstaller) INFO: Creating link from C:\ProgramData\BlueStacks_nxt\Logs\Installer_5.13.200.1028.log to C:\ProgramData\BlueStacks_nxt.new\Logs\Installer_5.13.200.1028_5.13.200.1028.log
2023-10-20 18:25:02.680 1960:00000007 (BlueStacksInstaller) INFO: Creating link from C:\ProgramData\BlueStacks_nxt\Logs\LogCollector_10_11_20-20-48.log to C:\ProgramData\BlueStacks_nxt.new\Logs\LogCollector_10_11_20-20-48_5.13.200.1028.log
2023-10-20 18:25:02.682 1960:00000007 (BlueStacksInstaller) INFO: Creating link from C:\ProgramData\BlueStacks_nxt\Logs\LogCollector_10_11_20-22-33.log to C:\ProgramData\BlueStacks_nxt.new\Logs\LogCollector_10_11_20-22-33_5.13.200.1028.log
2023-10-20 18:25:02.683 1960:00000007 (BlueStacksInstaller) INFO: Creating link from C:\ProgramData\BlueStacks_nxt\Logs\LogCollector_10_11_20-44-35.log to C:\ProgramData\BlueStacks_nxt.new\Logs\LogCollector_10_11_20-44-35_5.13.200.1028.log
2023-10-20 18:25:02.685 1960:00000007 (BlueStacksInstaller) INFO: Creating link from C:\ProgramData\BlueStacks_nxt\Logs\Player.log to C:\ProgramData\BlueStacks_nxt.new\Logs\Player_5.13.200.1028.log
2023-10-20 18:25:02.689 1960:00000007 (BlueStacksInstaller) INFO: Creating hypervjson for image: Pie64
2023-10-20 18:25:02.705 1960:00000007 (BlueStacksInstaller) INFO: In RenameRegistryAndDirectoriesToFinalStructure
2023-10-20 18:25:02.705 1960:00000007 (BlueStacksInstaller) INFO: Renaming existing dirs to .old
2023-10-20 18:25:02.707 1960:00000007 (BlueStacksInstaller) INFO: Moving directory C:\Program Files\BlueStacks_nxt to C:\Program Files\BlueStacks_nxt.old
2023-10-20 18:25:02.709 1960:00000007 (BlueStacksInstaller) INFO: Moving directory C:\ProgramData\BlueStacks_nxt to C:\ProgramData\BlueStacks_nxt.old
2023-10-20 18:25:02.709 1960:00000007 (BlueStacksInstaller) INFO: Rename .new to actual name folders and registries
2023-10-20 18:25:02.709 1960:00000007 (BlueStacksInstaller) INFO: Moving directory C:\Program Files\BlueStacks_nxt.new to C:\Program Files\BlueStacks_nxt
2023-10-20 18:25:02.710 1960:00000007 (BlueStacksInstaller) INFO: Moving directory C:\ProgramData\BlueStacks_nxt.new to C:\ProgramData\BlueStacks_nxt
2023-10-20 18:25:02.712 1960:00000007 (BlueStacksInstaller) INFO: Creating BlueStacks registry
2023-10-20 18:25:02.734 1960:00000007 (BlueStacksInstaller) INFO: Unregistering COM components
2023-10-20 18:25:02.734 1960:00000007 (BlueStacksInstaller) INFO: RunCmd: Starting: C:\Program Files\BlueStacks_nxt\HD-ComRegistrar.exe -unreg
2023-10-20 18:25:11.983 1960:00000007 (BlueStacksInstaller) INFO: RunCmd for pid: 8964, exited with ExitCode: 0 
2023-10-20 18:25:11.983 1960:00000007 (BlueStacksInstaller) INFO: Registering COM components
2023-10-20 18:25:11.983 1960:00000007 (BlueStacksInstaller) INFO: RunCmd: Starting: C:\Program Files\BlueStacks_nxt\HD-ComRegistrar.exe -reg
2023-10-20 18:25:12.217 1960:00000007 (BlueStacksInstaller) INFO: RunCmd for pid: 3080, exited with ExitCode: 0 
2023-10-20 18:25:12.217 1960:00000007 (BlueStacksInstaller) INFO: Deleting old BlueStacks
2023-10-20 18:25:12.217 1960:00000007 (BlueStacksInstaller) INFO: Deleting directory: C:\ProgramData\BlueStacks_nxt.old
2023-10-20 18:25:12.411 1960:00000007 (BlueStacksInstaller) INFO: Deleting directory: C:\Program Files\BlueStacks_nxt.old
2023-10-20 18:25:12.581 1960:00000007 (BlueStacksInstaller) INFO: CreateInstallApkScheme start
2023-10-20 18:25:12.584 1960:00000007 (BlueStacksInstaller) INFO: CreateInstallApkScheme end
2023-10-20 18:25:12.588 1960:00000007 (BlueStacksInstaller) INFO: Creating web url scheme for log collector
2023-10-20 18:25:12.592 1960:00000007 (BlueStacksInstaller) INFO: Adding current user to HyperV Administrators group
2023-10-20 18:25:12.592 1960:00000007 (BlueStacksInstaller) INFO: RunCmd: Starting: C:\Program Files\BlueStacks_nxt\HD-Hvutl.exe --cmd addToHyperVAdmin --sid S-1-5-21-791649603-3613669398-1280456721-1003
2023-10-20 18:25:13.331 1960:00000007 (BlueStacksInstaller) INFO: RunCmd for pid: 6084, exited with ExitCode: 0 
2023-10-20 18:25:13.331 1960:00000007 (BlueStacksInstaller) INFO: Enqueue upgrade_completed
2023-10-20 18:25:13.331 1960:00000003 (BlueStacksInstaller) INFO: Sending upgrade_completed. IsEarlyCall: False
2023-10-20 18:25:13.332 1960:00000007 (BlueStacksInstaller) INFO: Running helper binary
2023-10-20 18:25:13.670 1960:00000007 (BlueStacksInstaller) INFO: Skipping sysprep. SkipSysPrep : False IsUpgrade : True
2023-10-20 18:25:13.670 1960:00000007 (BlueStacksInstaller) INFO: Registering COM components
2023-10-20 18:25:13.670 1960:00000007 (BlueStacksInstaller) INFO: RunCmd: Starting: C:\Program Files\BlueStacks_nxt\HD-ComRegistrar.exe -reg
2023-10-20 18:25:13.748 1960:00000003 (BlueStacksInstaller) INFO: Response for event upgrade_completed: 
2023-10-20 18:25:13.873 1960:00000007 (BlueStacksInstaller) INFO: RunCmd for pid: 2144, exited with ExitCode: 0 
2023-10-20 18:25:13.873 1960:0000000C (BlueStacksInstaller) INFO: checking lock of download
2023-10-20 18:25:13.873 1960:0000000C (BlueStacksInstaller) INFO: wallet download completed
2023-10-20 18:25:13.873 1960:0000000C (BlueStacksInstaller) INFO: checking wallet installer process 
2023-10-20 18:25:13.873 1960:0000000C (BlueStacksInstaller) INFO: Enqueue mi_wallet_install_completed
2023-10-20 18:25:13.873 1960:00000003 (BlueStacksInstaller) INFO: Sending mi_wallet_install_completed. IsEarlyCall: False
2023-10-20 18:25:13.873 1960:00000007 (BlueStacksInstaller) INFO: Installation completed 100%
2023-10-20 18:25:13.873 1960:00000007 (BlueStacksInstaller) INFO: Enqueue install_sysprep_completed
2023-10-20 18:25:13.873 1960:00000001 (BlueStacksInstaller) INFO: Installer background worker completed. Result: 0
2023-10-20 18:25:13.873 1960:00000001 (BlueStacksInstaller) INFO: Installation completed. Copying logfile to logdir.
2023-10-20 18:25:13.889 1960:00000001 (BlueStacksInstaller) INFO: Finish button clicked, launching BlueStacks client from MicroInstaller
2023-10-20 18:25:13.889 1960:00000001 (BlueStacksInstaller) INFO: Waiting for stats queue to end
2023-10-20 18:25:14.310 1960:00000003 (BlueStacksInstaller) INFO: Response for event mi_wallet_install_completed: 
2023-10-20 18:25:14.310 1960:00000003 (BlueStacksInstaller) INFO: Sending install_sysprep_completed. IsEarlyCall: False
2023-10-20 18:25:14.733 1960:00000003 (BlueStacksInstaller) INFO: Response for event install_sysprep_completed: 
2023-10-20 18:25:14.733 1960:00000001 (BlueStacksInstaller) INFO: Exiting with error code 5
2023-10-20 18:25:14.795 1960:00000001 (BlueStacksInstaller) INFO: Waiting for stats queue to join
