2023-10-11 20:15:54.867 5672:00000001 (BlueStacksInstaller) INFO: Successfully populated en-US strings
2023-10-11 20:15:54.869 5672:00000001 (BlueStacksInstaller) INFO: Successfully populated en-US strings
2023-10-11 20:15:54.884 5672:00000001 (BlueStacksInstaller) INFO: Successfully populated pt-BR strings
2023-10-11 20:15:54.884 5672:00000001 (BlueStacksInstaller) INFO: Populated strings for pt-BR: True
2023-10-11 20:15:54.939 5672:00000006 (BlueStacksInstaller) INFO: Old BGP version: 
2023-10-11 20:15:54.940 5672:00000006 (BlueStacksInstaller) INFO: Arabica version: 
2023-10-11 20:15:54.969 5672:00000001 (BlueStacksInstaller) INFO: Launching C:\Users\ewert\AppData\Local\Temp\7zS8B626A74\:BlueStacksInstaller.exe "BlueStacksInstaller_5.13.200.1028_native_78cfcb813820bf38130b31bf871b96ac_MzsxNSwwOzUsMTsxNSw0OzE1.exe"
2023-10-11 20:15:54.982 5672:00000006 (BlueStacksInstaller) INFO: RunCmd: Starting: C:\Users\ewert\AppData\Local\Temp\7zS8B626A74\HD-CheckCpu.exe --cmd checkHypervEnabled
2023-10-11 20:15:55.240 5672:00000006 (BlueStacksInstaller) INFO: RunCmd for pid: 6808, exited with ExitCode: 0 
2023-10-11 20:15:55.242 5672:00000006 (BlueStacksInstaller) INFO: Hyperv state of the machine: enabled
2023-10-11 20:15:55.249 5672:00000006 (BlueStacksInstaller) INFO: Parent FileName: BlueStacksInstaller_5.13.200.1028_native_78cfcb813820bf38130b31bf871b96ac_MzsxNSwwOzUsMTsxNSw0OzE1.exe
2023-10-11 20:15:55.249 5672:00000006 (BlueStacksInstaller) INFO: Parsing: 78cfcb813820bf38130b31bf871b96ac_MzsxNSwwOzUsMTsxNSw0OzE1
2023-10-11 20:15:55.258 5672:00000006 (BlueStacksInstaller) INFO: Getting installed images from conf
2023-10-11 20:15:55.258 5672:00000006 (BlueStacksInstaller) INFO: Installed images: 
2023-10-11 20:15:55.267 5672:00000006 (BlueStacksInstaller) INFO: Getting installed images from conf
2023-10-11 20:15:55.274 5672:00000006 (BlueStacksInstaller) INFO: Installed images with abi: 
2023-10-11 20:15:55.284 5672:00000006 (BlueStacksInstaller) INFO: Updating DefaultImageName to Pie64
2023-10-11 20:15:55.284 5672:00000006 (BlueStacksInstaller) INFO: Updating ImageToLaunch to Pie64
2023-10-11 20:15:55.284 5672:00000006 (BlueStacksInstaller) INFO: Campaign: 78cfcb813820bf38130b31bf871b96ac, AppName: , Image: Pie64, AbiValue: 15
2023-10-11 20:15:55.334 5672:00000006 (BlueStacksInstaller) WARNING: Failed to set registry value at Software\BlueStacksInstaller for VersionMachineId_5.13.200.1028:bb6a7632-a2a7-4a1b-ac13-e4aea369426c
2023-10-11 20:15:55.334 5672:00000006 (BlueStacksInstaller) INFO: Sending event mi_launched
2023-10-11 20:15:56.477 5672:00000006 (BlueStacksInstaller) INFO: Response for event mi_launched: {"fle_obj": {"app_url": null, "campaign_name": "homepage-dl-button-pt-br", "exit_utm_campaign": "homepage-dl-button-pt-br", "app_icon_url": "", "app_pkg": "", "app_name": "", "promoter_id": "", "fle_tag": null, "incompatible": "false", "bsx_data": "{}", "transaction_id": "77336b0b-1837-4105-ab40-3dff5ef165af"}}
2023-10-11 20:15:58.438 9364:00000001 (BlueStacksInstaller) INFO: Successfully populated en-US strings
2023-10-11 20:15:58.438 9364:00000001 (BlueStacksInstaller) INFO: Successfully populated en-US strings
2023-10-11 20:15:58.441 9364:00000001 (BlueStacksInstaller) INFO: Successfully populated pt-BR strings
2023-10-11 20:15:58.441 9364:00000001 (BlueStacksInstaller) INFO: Populated strings for pt-BR: True
2023-10-11 20:15:58.503 9364:00000001 (BlueStacksInstaller) INFO: Application Main
2023-10-11 20:15:58.518 9364:00000006 (BlueStacksInstaller) INFO: Old BGP version: 
2023-10-11 20:15:58.518 9364:00000006 (BlueStacksInstaller) INFO: Arabica version: 
2023-10-11 20:15:58.534 9364:00000006 (BlueStacksInstaller) INFO: RunCmd: Starting: C:\Users\ewert\AppData\Local\Temp\7zS8B626A74\HD-CheckCpu.exe --cmd checkHypervEnabled
2023-10-11 20:15:58.718 9364:00000006 (BlueStacksInstaller) INFO: RunCmd for pid: 12808, exited with ExitCode: 0 
2023-10-11 20:15:58.718 9364:00000006 (BlueStacksInstaller) INFO: Hyperv state of the machine: enabled
2023-10-11 20:15:58.722 9364:00000006 (BlueStacksInstaller) INFO: Parent FileName: BlueStacksInstaller_5.13.200.1028_native_78cfcb813820bf38130b31bf871b96ac_MzsxNSwwOzUsMTsxNSw0OzE1.exe
2023-10-11 20:15:58.722 9364:00000006 (BlueStacksInstaller) INFO: Parsing: 78cfcb813820bf38130b31bf871b96ac_MzsxNSwwOzUsMTsxNSw0OzE1
2023-10-11 20:15:58.729 9364:00000006 (BlueStacksInstaller) INFO: Getting installed images from conf
2023-10-11 20:15:58.729 9364:00000006 (BlueStacksInstaller) INFO: Installed images: 
2023-10-11 20:15:58.733 9364:00000006 (BlueStacksInstaller) INFO: Getting installed images from conf
2023-10-11 20:15:58.749 9364:00000001 (BlueStacksInstaller) INFO: Application OnStartup
2023-10-11 20:15:58.750 9364:00000006 (BlueStacksInstaller) INFO: Installed images with abi: 
2023-10-11 20:15:58.752 9364:00000006 (BlueStacksInstaller) INFO: Updating DefaultImageName to Pie64
2023-10-11 20:15:58.752 9364:00000006 (BlueStacksInstaller) INFO: Updating ImageToLaunch to Pie64
2023-10-11 20:15:58.752 9364:00000006 (BlueStacksInstaller) INFO: Campaign: 78cfcb813820bf38130b31bf871b96ac, AppName: , Image: Pie64, AbiValue: 15
2023-10-11 20:15:58.819 9364:00000006 (BlueStacksInstaller) INFO: Sending event mi_admin_launched
2023-10-11 20:15:59.419 9364:00000006 (BlueStacksInstaller) INFO: Response for event mi_admin_launched: 
2023-10-11 20:16:00.029 9364:0000000C (BlueStacksInstaller) INFO: Checking SSE4 Available
2023-10-11 20:16:00.031 9364:0000000C (BlueStacksInstaller) INFO: RunCmd: Starting: C:\Users\ewert\AppData\Local\Temp\7zS8B626A74\HD-CheckCpu.exe --cmd checkSSE4
2023-10-11 20:16:00.458 9364:0000000C (BlueStacksInstaller) INFO: RunCmd for pid: 9800, exited with ExitCode: 1 
2023-10-11 20:16:00.458 9364:0000000C (BlueStacksInstaller) INFO: Initializing mi
2023-10-11 20:16:00.464 9364:0000000C (BlueStacksInstaller) INFO: Fetching bsx details
2023-10-11 20:16:00.878 9364:0000000C (BlueStacksInstaller) INFO: Install response: {"url": "https://ak-build.bluestacks.com/public/app-player/windows/bsx/nxt/10.4.30.1002/c497040a6b3a47f3bc88a7f1eec94693/BSX-Setup_10.4.30.1002.exe", "default_installation": "bsx,bs5", "bsx_version": "10.4.30.1002", "default_launch": "bs5", "update_url": "https://ak-build.bluestacks.com/public/app-player/windows/bsx/nxt/10.4.30.1002/c497040a6b3a47f3bc88a7f1eec94693/BSX-Setup_10.4.30.1002.exe", "cdn_base_path": "https://ak-build.bluestacks.com/public/app-player"}
2023-10-11 20:16:00.885 9364:0000000C (BlueStacksInstaller) INFO: Getting installed images from conf
2023-10-11 20:16:00.885 9364:0000000C (BlueStacksInstaller) INFO: Installed images: 
2023-10-11 20:16:00.885 9364:0000000C (BlueStacksInstaller) INFO: Getting installed images from conf
2023-10-11 20:16:00.885 9364:0000000C (BlueStacksInstaller) INFO: Installed images: 
2023-10-11 20:16:00.885 9364:0000000C (BlueStacksInstaller) INFO: Getting installed images from conf
2023-10-11 20:16:00.885 9364:0000000C (BlueStacksInstaller) INFO: Installed images with abi: 
2023-10-11 20:16:00.885 9364:0000000C (BlueStacksInstaller) INFO: DetectGuestImagesToDownload initializing
2023-10-11 20:16:00.886 9364:0000000C (BlueStacksInstaller) INFO: Installation type is fresh: True
2023-10-11 20:16:00.886 9364:0000000C (BlueStacksInstaller) INFO: Image List to be downloaded: Pie64
2023-10-11 20:16:01.278 9364:0000000C (BlueStacksInstaller) INFO: launcher feature api response: {"quest": {"location": ["topbar"]}, "wallet": {"location": ["topbar"]}, "web3": {"location": ["sidebar"]}, "google_play_icon": {"location": ["bsx_home_rotation_apps"]}}
2023-10-11 20:16:01.286 9364:0000000C (BlueStacksInstaller) INFO: Initialization completed
2023-10-11 20:16:01.288 9364:00000001 (BlueStacksInstaller) INFO: Returning PDDir: C:\ProgramData\BlueStacks_nxt
2023-10-11 20:16:01.288 9364:00000001 (BlueStacksInstaller) INFO: Returning PFDir: C:\Program Files\BlueStacks_nxt
2023-10-11 20:16:01.494 9364:00000001 (BlueStacksInstaller) INFO: Showing mainwindow
2023-10-11 20:16:18.601 9364:00000001 (BlueStacksInstaller) INFO: Checking for supported OS
2023-10-11 20:16:18.602 9364:00000001 (BlueStacksInstaller) INFO: Operating system details: Windows 10 64-bit
2023-10-11 20:16:18.603 9364:00000001 (BlueStacksInstaller) INFO: OS Info: Name: 10, Service Pack: , Arch: 64-bit, Ver: 10.0
2023-10-11 20:16:18.869 9364:00000001 (BlueStacksInstaller) INFO: Checking for physical memory
2023-10-11 20:16:18.889 9364:00000001 (BlueStacksInstaller) INFO: Available: 16131 MB, Required: 1024 MB
2023-10-11 20:16:18.911 9364:00000001 (BlueStacksInstaller) INFO: HDD space available InstallDir: 874784 MB
2023-10-11 20:16:18.915 9364:00000001 (BlueStacksInstaller) INFO: checking path:C:\ProgramData\BlueStacks_nxt and attr:-1..
2023-10-11 20:16:18.917 9364:00000001 (BlueStacksInstaller) INFO: checking path:C:\ProgramData and attr:Hidden, Directory, NotContentIndexed..
2023-10-11 20:16:18.917 9364:00000001 (BlueStacksInstaller) INFO: checking path:C:\Users\ewert\AppData\Local\Temp\ and attr:Directory..
2023-10-11 20:16:18.918 9364:00000001 (BlueStacksInstaller) INFO: checking path:C:\Users\ewert\AppData\Local\Temp and attr:Directory..
2023-10-11 20:16:18.918 9364:00000001 (BlueStacksInstaller) INFO: checking path:C:\Users\ewert\AppData\Local and attr:Directory..
2023-10-11 20:16:18.918 9364:00000001 (BlueStacksInstaller) INFO: checking path:C:\Users\ewert\AppData and attr:Hidden, Directory..
2023-10-11 20:16:18.918 9364:00000001 (BlueStacksInstaller) INFO: checking path:C:\Users\ewert and attr:Directory..
2023-10-11 20:16:18.918 9364:00000001 (BlueStacksInstaller) INFO: checking path:C:\Users and attr:ReadOnly, Directory..
2023-10-11 20:16:18.918 9364:00000001 (BlueStacksInstaller) INFO: Data and InstallDir same: True
2023-10-11 20:16:18.918 9364:00000001 (BlueStacksInstaller) INFO: Space required InstallDir: 1200 MB
2023-10-11 20:16:18.918 9364:00000001 (BlueStacksInstaller) INFO: Space required DataDir: 5920 MB
2023-10-11 20:16:18.918 9364:00000001 (BlueStacksInstaller) INFO: Space required total: 7120
2023-10-11 20:16:18.918 9364:00000001 (BlueStacksInstaller) INFO: Space available: 874784 MB
2023-10-11 20:16:18.923 9364:00000001 (BlueStacksInstaller) INFO: Temp download path: C:\Users\ewert\AppData\Local\Temp\BlueStacksInstaller_5.13.200.1028_native_78cfcb813820bf38130b31bf871b96ac_MzsxNSwwOzUsMTsxNSw0OzE1.exe
2023-10-11 20:16:18.924 9364:00000001 (BlueStacksInstaller) INFO: Installer file path: C:\Users\ewert\AppData\Local\BlueStacksSetup\BlueStacksInstaller_5.13.200.1028_native_78cfcb813820bf38130b31bf871b96ac_MzsxNSwwOzUsMTsxNSw0OzE1.exe
2023-10-11 20:16:18.924 9364:00000017 (BlueStacksInstaller) INFO: Will download images later: Pie64
2023-10-11 20:16:18.924 9364:00000017 (BlueStacksInstaller) INFO: Starting downloader of BSX
2023-10-11 20:16:18.928 9364:00000017 (BlueStacksInstaller) INFO: Downloading BSX installer at C:\Users\ewert\AppData\Local\BlueStacksSetup\BSX-Setup-5.13.200.1028_nxt.exe
2023-10-11 20:16:21.519 9364:00000007 (BlueStacksInstaller) INFO: LastRecorded: 0, Downloaded: 26488484
2023-10-11 20:16:26.532 9364:0000000A (BlueStacksInstaller) INFO: LastRecorded: 26488484, Downloaded: 79772332
2023-10-11 20:16:31.558 9364:0000000A (BlueStacksInstaller) INFO: LastRecorded: 79772332, Downloaded: 135373530
2023-10-11 20:16:34.340 9364:00000016 (BlueStacksInstaller) INFO: Starting installation of BSX
2023-10-11 20:16:34.341 9364:00000016 (BlueStacksInstaller) INFO: C:\Users\ewert\AppData\Local\BlueStacksSetup\BSX-Setup-5.13.200.1028_nxt.exe -s
2023-10-11 20:16:34.355 9364:00000017 (BlueStacksInstaller) INFO: Downloading Pie64 at C:\ProgramData\Pie64_5.13.200.1028.exe
2023-10-11 20:16:36.634 9364:00000009 (BlueStacksInstaller) INFO: LastRecorded: 135373530, Downloaded: 26195491
2023-10-11 20:16:41.638 9364:0000000A (BlueStacksInstaller) INFO: LastRecorded: 26195491, Downloaded: 81299340
2023-10-11 20:16:46.648 9364:00000009 (BlueStacksInstaller) INFO: LastRecorded: 81299340, Downloaded: 139856714
2023-10-11 20:16:51.654 9364:00000008 (BlueStacksInstaller) INFO: LastRecorded: 139873098, Downloaded: 195291058
2023-10-11 20:16:56.665 9364:00000009 (BlueStacksInstaller) INFO: LastRecorded: 195299010, Downloaded: 251555417
2023-10-11 20:17:01.668 9364:00000007 (BlueStacksInstaller) INFO: LastRecorded: 251555417, Downloaded: 307364186
2023-10-11 20:17:06.694 9364:0000000A (BlueStacksInstaller) INFO: LastRecorded: 307364186, Downloaded: 358754561
2023-10-11 20:17:11.701 9364:00000009 (BlueStacksInstaller) INFO: LastRecorded: 358754561, Downloaded: 413704241
2023-10-11 20:17:16.723 9364:00000009 (BlueStacksInstaller) INFO: LastRecorded: 413704241, Downloaded: 472265594
2023-10-11 20:17:21.727 9364:00000008 (BlueStacksInstaller) INFO: LastRecorded: 472265594, Downloaded: 529010930
2023-10-11 20:17:22.981 9364:00000017 (BlueStacksInstaller) INFO: Download completed for Pie64
2023-10-11 20:17:36.899 9364:00000017 (BlueStacksInstaller) INFO: Downloading full installer at C:\Users\ewert\AppData\Local\Temp\BlueStacksInstaller_5.13.200.1028_native_78cfcb813820bf38130b31bf871b96ac_MzsxNSwwOzUsMTsxNSw0OzE1.exe
2023-10-11 20:17:41.773 9364:00000007 (BlueStacksInstaller) INFO: LastRecorded: 529010930, Downloaded: 55681587
2023-10-11 20:17:46.777 9364:00000009 (BlueStacksInstaller) INFO: LastRecorded: 55681587, Downloaded: 112488001
2023-10-11 20:17:48.468 9364:00000017 (BlueStacksInstaller) INFO: MIsDownloading false
2023-10-11 20:17:48.533 9364:00000014 (BlueStacksInstaller) INFO: Installer file moved from C:\Users\ewert\AppData\Local\Temp\BlueStacksInstaller_5.13.200.1028_native_78cfcb813820bf38130b31bf871b96ac_MzsxNSwwOzUsMTsxNSw0OzE1.exe to C:\Users\ewert\AppData\Local\BlueStacksSetup\BlueStacksInstaller_5.13.200.1028_native_78cfcb813820bf38130b31bf871b96ac_MzsxNSwwOzUsMTsxNSw0OzE1.exe
2023-10-11 20:17:48.533 9364:00000014 (BlueStacksInstaller) INFO: Running Installer process C:\Users\ewert\AppData\Local\BlueStacksSetup\BlueStacksInstaller_5.13.200.1028_native_78cfcb813820bf38130b31bf871b96ac_MzsxNSwwOzUsMTsxNSw0OzE1.exe args :-versionMachineID=bb6a7632-a2a7-4a1b-ac13-e4aea369426c -machineID=9c4f0e97-8d85-451a-bddc-5305c085b125 -pddir="C:\ProgramData\BlueStacks_nxt" -defaultImageName=Pie64 -imageToLaunch=Pie64 -isSSE4Available=1 -appToLaunch=bs5 -bsxVersion=10.4.30.1002 -country=BR -isWalletFeatureEnabled
2023-10-11 20:17:48.553 9364:00000015 (BlueStacksInstaller) INFO: Detected User GUID %temp%: 9c4f0e97-8d85-451a-bddc-5305c085b125
2023-10-11 20:17:48.968 9364:00000015 (BlueStacksInstaller) INFO: Nowgg_wallet install response: {"data":{"installer_dir_url":"https://ak-build.bluestacks.com/public/nowgg/wallet/windows/prod/3.0.1.149/x64","url":"https://ak-build.bluestacks.com/public/nowgg/wallet/windows/prod/3.0.1.149/x64/BlueStacksServicesSetup.exe"},"success":true}

2023-10-11 20:17:48.968 9364:00000015 (BlueStacksInstaller) INFO: Downloading nowgg_wallet installer at C:\ProgramData\BlueStacksServicesSetup.exe
2023-10-11 20:17:57.003 9364:00000015 (BlueStacksInstaller) INFO: wallet download completed
2023-10-11 20:17:57.007 9364:00000015 (BlueStacksInstaller) INFO: Starting installation of nowgg_wallet, C:\ProgramData\BlueStacksServicesSetup.exe
2023-10-11 20:19:45.719 9364:00000016 (BlueStacksInstaller) INFO: C:\Users\ewert\AppData\Local\BlueStacksSetup\BSX-Setup-5.13.200.1028_nxt.exe exited with ExitCode: 0
2023-10-11 20:19:51.653 9364:00000014 (BlueStacksInstaller) INFO: Full installer process finished with ExitCode: 5
2023-10-11 20:19:51.653 9364:00000014 (BlueStacksInstaller) INFO: Cleaning temporary installer directory : C:\Users\ewert\AppData\Local\BlueStacksSetup
2023-10-11 20:19:51.720 9364:00000014 (BlueStacksInstaller) INFO: Is user upgrading AND installing new image: False
2023-10-11 20:19:51.724 9364:00000013 (BlueStacksInstaller) INFO: Getting installed images from conf
2023-10-11 20:19:51.724 9364:00000013 (BlueStacksInstaller) INFO: Reading bluestacks.conf
2023-10-11 20:19:51.731 9364:00000013 (BlueStacksInstaller) INFO: Updating DefaultImageName to Pie64
2023-10-11 20:19:51.731 9364:00000013 (BlueStacksInstaller) INFO: Installed images: Pie64
2023-10-11 20:19:51.731 9364:00000013 (BlueStacksInstaller) INFO: Getting installed images from conf
2023-10-11 20:19:51.731 9364:00000013 (BlueStacksInstaller) INFO: Reading bluestacks.conf
2023-10-11 20:19:51.738 9364:00000013 (BlueStacksInstaller) INFO: Updating DefaultImageName to Pie64
2023-10-11 20:19:51.738 9364:00000013 (BlueStacksInstaller) INFO: Installed images with abi: Pie64;15
2023-10-11 20:19:51.752 9364:00000013 (BlueStacksInstaller) INFO: Getting instance name with specific image and abi from conf
2023-10-11 20:19:51.752 9364:00000013 (BlueStacksInstaller) INFO: Reading bluestacks.conf
2023-10-11 20:19:51.754 9364:00000013 (BlueStacksInstaller) INFO: In RunBlueStacks
2023-10-11 20:19:51.754 9364:00000013 (BlueStacksInstaller) INFO: InstallDir: C:\Program Files\BlueStacks_nxt\
2023-10-11 20:19:51.754 9364:00000013 (BlueStacksInstaller) INFO: C:\Program Files\BlueStacks_nxt\HD-Player.exe --instance Pie64 --cmd installApp --store  --package  --appname ""
2023-10-11 20:19:51.835 9364:00000013 (BlueStacksInstaller) INFO: ExitApplication 0
2023-10-11 20:19:53.075 5672:00000001 (BlueStacksInstaller) INFO: ExitApplication 0
