2023-10-20 18:21:50.054 8128:00000001 (BlueStacksInstaller) INFO: Successfully populated en-US strings
2023-10-20 18:21:50.054 8128:00000001 (BlueStacksInstaller) INFO: Successfully populated en-US strings
2023-10-20 18:21:50.060 8128:00000001 (BlueStacksInstaller) INFO: Successfully populated pt-BR strings
2023-10-20 18:21:50.060 8128:00000001 (BlueStacksInstaller) INFO: Populated strings for pt-BR: True
2023-10-20 18:21:50.100 8128:00000006 (BlueStacksInstaller) INFO: Old BGP version: 
2023-10-20 18:21:50.100 8128:00000006 (BlueStacksInstaller) INFO: Arabica version: 
2023-10-20 18:21:50.107 8128:00000001 (BlueStacksInstaller) INFO: Launching C:\Users\ewert\AppData\Local\Temp\7zS0853B4B2\:BlueStacksInstaller.exe "BlueStacks10Installer_10.4.60.1001_native_4249dd406b73cc2d6c8058f49149e3d4_MzsxNSwwOzUsMTsxNSw0OzE1_WW9vc2Vl.exe"
2023-10-20 18:21:50.128 8128:00000006 (BlueStacksInstaller) INFO: RunCmd: Starting: C:\Users\ewert\AppData\Local\Temp\7zS0853B4B2\HD-CheckCpu.exe --cmd checkHypervEnabled
2023-10-20 18:21:50.303 8128:00000006 (BlueStacksInstaller) INFO: RunCmd for pid: 5116, exited with ExitCode: 0 
2023-10-20 18:21:50.303 8128:00000006 (BlueStacksInstaller) INFO: Hyperv state of the machine: enabled
2023-10-20 18:21:50.303 8128:00000006 (BlueStacksInstaller) INFO: Parent FileName: BlueStacks10Installer_10.4.60.1001_native_4249dd406b73cc2d6c8058f49149e3d4_MzsxNSwwOzUsMTsxNSw0OzE1_WW9vc2Vl.exe
2023-10-20 18:21:50.303 8128:00000006 (BlueStacksInstaller) INFO: Parsing: 4249dd406b73cc2d6c8058f49149e3d4_MzsxNSwwOzUsMTsxNSw0OzE1_WW9vc2Vl
2023-10-20 18:21:50.313 8128:00000006 (BlueStacksInstaller) INFO: Getting installed images from conf
2023-10-20 18:21:50.313 8128:00000006 (BlueStacksInstaller) INFO: Reading bluestacks.conf
2023-10-20 18:21:50.313 8128:00000006 (BlueStacksInstaller) INFO: Updating DefaultImageName to Pie64
2023-10-20 18:21:50.313 8128:00000006 (BlueStacksInstaller) INFO: Installed images: Pie64
2023-10-20 18:21:50.325 8128:00000006 (BlueStacksInstaller) INFO: Getting installed images from conf
2023-10-20 18:21:50.325 8128:00000006 (BlueStacksInstaller) INFO: Reading bluestacks.conf
2023-10-20 18:21:50.329 8128:00000006 (BlueStacksInstaller) INFO: Updating DefaultImageName to Pie64
2023-10-20 18:21:50.329 8128:00000006 (BlueStacksInstaller) INFO: Installed images with abi: Pie64;15
2023-10-20 18:21:50.329 8128:00000006 (BlueStacksInstaller) INFO: Updating DefaultImageName to Pie64
2023-10-20 18:21:50.329 8128:00000006 (BlueStacksInstaller) INFO: Updating ImageToLaunch to Pie64
2023-10-20 18:21:50.329 8128:00000006 (BlueStacksInstaller) INFO: Campaign: 4249dd406b73cc2d6c8058f49149e3d4, AppName: WW9vc2Vl, Image: Pie64, AbiValue: 15
2023-10-20 18:21:50.384 8128:00000006 (BlueStacksInstaller) WARNING: Failed to set registry value at Software\BlueStacksInstaller for VersionMachineId_5.13.215.1003:810c87d9-ff07-4e85-be45-ce86dc9723d4
2023-10-20 18:21:50.393 8128:00000006 (BlueStacksInstaller) INFO: Sending event mi_launched
2023-10-20 18:21:51.517 8128:00000006 (BlueStacksInstaller) INFO: Response for event mi_launched: {"fle_obj": {"app_url": null, "campaign_name": "ap-yoosee-us", "exit_utm_campaign": "ap-yoosee-us", "app_icon_url": "https://cloud.bluestacks.com/app/icon?pkg=com.yoosee", "app_pkg": "com.yoosee", "app_name": "Yoosee", "promoter_id": "", "fle_tag": null, "incompatible": "false", "bsx_data": "{}", "transaction_id": "69a6a06e-9b9a-4812-910c-7118e9067d99", "is_auto_download": true, "action": "OpenGameCenter"}}
2023-10-20 18:21:55.016 13168:00000001 (BlueStacksInstaller) INFO: Successfully populated en-US strings
2023-10-20 18:21:55.016 13168:00000001 (BlueStacksInstaller) INFO: Successfully populated en-US strings
2023-10-20 18:21:55.016 13168:00000001 (BlueStacksInstaller) INFO: Successfully populated pt-BR strings
2023-10-20 18:21:55.016 13168:00000001 (BlueStacksInstaller) INFO: Populated strings for pt-BR: True
2023-10-20 18:21:55.034 13168:00000001 (BlueStacksInstaller) INFO: Application Main
2023-10-20 18:21:55.045 13168:00000006 (BlueStacksInstaller) INFO: Old BGP version: 
2023-10-20 18:21:55.045 13168:00000006 (BlueStacksInstaller) INFO: Arabica version: 
2023-10-20 18:21:55.045 13168:00000006 (BlueStacksInstaller) INFO: RunCmd: Starting: C:\Users\ewert\AppData\Local\Temp\7zS0853B4B2\HD-CheckCpu.exe --cmd checkHypervEnabled
2023-10-20 18:21:55.111 13168:00000006 (BlueStacksInstaller) INFO: RunCmd for pid: 11112, exited with ExitCode: 0 
2023-10-20 18:21:55.111 13168:00000006 (BlueStacksInstaller) INFO: Hyperv state of the machine: enabled
2023-10-20 18:21:55.111 13168:00000006 (BlueStacksInstaller) INFO: Parent FileName: BlueStacks10Installer_10.4.60.1001_native_4249dd406b73cc2d6c8058f49149e3d4_MzsxNSwwOzUsMTsxNSw0OzE1_WW9vc2Vl.exe
2023-10-20 18:21:55.111 13168:00000006 (BlueStacksInstaller) INFO: Parsing: 4249dd406b73cc2d6c8058f49149e3d4_MzsxNSwwOzUsMTsxNSw0OzE1_WW9vc2Vl
2023-10-20 18:21:55.111 13168:00000006 (BlueStacksInstaller) INFO: Getting installed images from conf
2023-10-20 18:21:55.111 13168:00000006 (BlueStacksInstaller) INFO: Reading bluestacks.conf
2023-10-20 18:21:55.111 13168:00000006 (BlueStacksInstaller) INFO: Updating DefaultImageName to Pie64
2023-10-20 18:21:55.120 13168:00000006 (BlueStacksInstaller) INFO: Installed images: Pie64
2023-10-20 18:21:55.120 13168:00000006 (BlueStacksInstaller) INFO: Getting installed images from conf
2023-10-20 18:21:55.120 13168:00000006 (BlueStacksInstaller) INFO: Reading bluestacks.conf
2023-10-20 18:21:55.124 13168:00000006 (BlueStacksInstaller) INFO: Updating DefaultImageName to Pie64
2023-10-20 18:21:55.124 13168:00000006 (BlueStacksInstaller) INFO: Installed images with abi: Pie64;15
2023-10-20 18:21:55.131 13168:00000006 (BlueStacksInstaller) INFO: Updating DefaultImageName to Pie64
2023-10-20 18:21:55.131 13168:00000006 (BlueStacksInstaller) INFO: Updating ImageToLaunch to Pie64
2023-10-20 18:21:55.131 13168:00000006 (BlueStacksInstaller) INFO: Campaign: 4249dd406b73cc2d6c8058f49149e3d4, AppName: WW9vc2Vl, Image: Pie64, AbiValue: 15
2023-10-20 18:21:55.140 13168:00000006 (BlueStacksInstaller) INFO: Sending event mi_admin_launched
2023-10-20 18:21:55.160 13168:00000001 (BlueStacksInstaller) INFO: Application OnStartup
2023-10-20 18:21:55.679 13168:00000006 (BlueStacksInstaller) INFO: Response for event mi_admin_launched: 
2023-10-20 18:21:55.972 13168:0000000C (BlueStacksInstaller) INFO: Checking SSE4 Available
2023-10-20 18:21:55.972 13168:0000000C (BlueStacksInstaller) INFO: RunCmd: Starting: C:\Users\ewert\AppData\Local\Temp\7zS0853B4B2\HD-CheckCpu.exe --cmd checkSSE4
2023-10-20 18:21:56.064 13168:0000000C (BlueStacksInstaller) INFO: RunCmd for pid: 4240, exited with ExitCode: 1 
2023-10-20 18:21:56.064 13168:0000000C (BlueStacksInstaller) INFO: Initializing mi
2023-10-20 18:21:56.064 13168:0000000C (BlueStacksInstaller) INFO: Fetching bsx details
2023-10-20 18:21:56.622 13168:0000000C (BlueStacksInstaller) INFO: Install response: {"url": "https://ak-build.bluestacks.com/public/app-player/windows/bsx/nxt/10.4.60.1001/980524b9cbf848a6ad0d140e8dfc1c83/BSX-Setup_10.4.60.1001.exe", "default_installation": "bsx,bs5", "bsx_version": "10.4.60.1001", "default_launch": "bsx", "update_url": "https://ak-build.bluestacks.com/public/app-player/windows/bsx/nxt/10.4.60.1001/980524b9cbf848a6ad0d140e8dfc1c83/BSX-Setup_10.4.60.1001.exe", "cdn_base_path": "https://ak-build.bluestacks.com/public/app-player"}
2023-10-20 18:21:56.625 13168:0000000C (BlueStacksInstaller) INFO: Getting installed images from conf
2023-10-20 18:21:56.626 13168:0000000C (BlueStacksInstaller) INFO: Reading bluestacks.conf
2023-10-20 18:21:56.626 13168:0000000C (BlueStacksInstaller) INFO: Updating DefaultImageName to Pie64
2023-10-20 18:21:56.626 13168:0000000C (BlueStacksInstaller) INFO: Installed images: Pie64
2023-10-20 18:21:56.626 13168:0000000C (BlueStacksInstaller) INFO: Getting installed images from conf
2023-10-20 18:21:56.626 13168:0000000C (BlueStacksInstaller) INFO: Reading bluestacks.conf
2023-10-20 18:21:56.627 13168:0000000C (BlueStacksInstaller) INFO: Updating DefaultImageName to Pie64
2023-10-20 18:21:56.627 13168:0000000C (BlueStacksInstaller) INFO: Installed images: Pie64
2023-10-20 18:21:56.627 13168:0000000C (BlueStacksInstaller) INFO: Getting installed images from conf
2023-10-20 18:21:56.627 13168:0000000C (BlueStacksInstaller) INFO: Reading bluestacks.conf
2023-10-20 18:21:56.627 13168:0000000C (BlueStacksInstaller) INFO: Updating DefaultImageName to Pie64
2023-10-20 18:21:56.627 13168:0000000C (BlueStacksInstaller) INFO: Installed images with abi: Pie64;15
2023-10-20 18:21:56.627 13168:0000000C (BlueStacksInstaller) INFO: DetectGuestImagesToDownload initializing
2023-10-20 18:21:56.628 13168:0000000C (BlueStacksInstaller) INFO: Installed version: 5.13.200.1028, current version: 5.13.215.1003
2023-10-20 18:21:56.629 13168:0000000C (BlueStacksInstaller) INFO: Installation type is fresh: False
2023-10-20 18:21:56.629 13168:0000000C (BlueStacksInstaller) INFO: Image List to be downloaded: Pie64
2023-10-20 18:21:57.029 13168:0000000C (BlueStacksInstaller) INFO: launcher feature api response: {"quest": {"location": ["topbar"]}, "wallet": {"location": ["topbar"]}, "web3": {"location": ["sidebar"]}, "google_play_icon": {"location": ["bsx_home_rotation_apps"]}}
2023-10-20 18:21:57.032 13168:0000000C (BlueStacksInstaller) INFO: Initialization completed
2023-10-20 18:21:57.034 13168:00000001 (BlueStacksInstaller) INFO: Returning PDDir: C:\ProgramData\BlueStacks_nxt
2023-10-20 18:21:57.034 13168:00000001 (BlueStacksInstaller) INFO: Returning PFDir: C:\Program Files\BlueStacks_nxt
2023-10-20 18:21:57.269 13168:00000001 (BlueStacksInstaller) INFO: Showing mainwindow
2023-10-20 18:22:20.838 13168:00000001 (BlueStacksInstaller) INFO: Checking for supported OS
2023-10-20 18:22:20.840 13168:00000001 (BlueStacksInstaller) INFO: Operating system details: Windows 10 64-bit
2023-10-20 18:22:20.840 13168:00000001 (BlueStacksInstaller) INFO: OS Info: Name: 10, Service Pack: , Arch: 64-bit, Ver: 10.0
2023-10-20 18:22:20.903 13168:00000001 (BlueStacksInstaller) INFO: Checking for physical memory
2023-10-20 18:22:20.916 13168:00000001 (BlueStacksInstaller) INFO: Available: 16131 MB, Required: 1024 MB
2023-10-20 18:22:20.930 13168:00000001 (BlueStacksInstaller) INFO: HDD space available InstallDir: 869698 MB
2023-10-20 18:22:20.933 13168:00000001 (BlueStacksInstaller) INFO: checking path:C:\ProgramData\BlueStacks_nxt and attr:Directory, NotContentIndexed..
2023-10-20 18:22:20.933 13168:00000001 (BlueStacksInstaller) INFO: checking path:C:\ProgramData and attr:Hidden, Directory, NotContentIndexed..
2023-10-20 18:22:20.933 13168:00000001 (BlueStacksInstaller) INFO: checking path:C:\Users\ewert\AppData\Local\Temp\ and attr:Directory..
2023-10-20 18:22:20.933 13168:00000001 (BlueStacksInstaller) INFO: checking path:C:\Users\ewert\AppData\Local\Temp and attr:Directory..
2023-10-20 18:22:20.933 13168:00000001 (BlueStacksInstaller) INFO: checking path:C:\Users\ewert\AppData\Local and attr:Directory..
2023-10-20 18:22:20.933 13168:00000001 (BlueStacksInstaller) INFO: checking path:C:\Users\ewert\AppData and attr:Hidden, Directory..
2023-10-20 18:22:20.933 13168:00000001 (BlueStacksInstaller) INFO: checking path:C:\Users\ewert and attr:Directory..
2023-10-20 18:22:20.933 13168:00000001 (BlueStacksInstaller) INFO: checking path:C:\Users and attr:ReadOnly, Directory..
2023-10-20 18:22:20.934 13168:00000001 (BlueStacksInstaller) INFO: Data and InstallDir same: True
2023-10-20 18:22:20.934 13168:00000001 (BlueStacksInstaller) INFO: Space required InstallDir: 1200 MB
2023-10-20 18:22:20.934 13168:00000001 (BlueStacksInstaller) INFO: Space required DataDir: 5920 MB
2023-10-20 18:22:20.934 13168:00000001 (BlueStacksInstaller) INFO: Space required total: 7120
2023-10-20 18:22:20.934 13168:00000001 (BlueStacksInstaller) INFO: Space available: 869698 MB
2023-10-20 18:22:20.936 13168:00000001 (BlueStacksInstaller) INFO: Temp download path: C:\Users\ewert\AppData\Local\Temp\BlueStacks10Installer_10.4.60.1001_native_4249dd406b73cc2d6c8058f49149e3d4_MzsxNSwwOzUsMTsxNSw0OzE1_WW9vc2Vl.exe
2023-10-20 18:22:20.936 13168:00000001 (BlueStacksInstaller) INFO: Installer file path: C:\Users\ewert\AppData\Local\BlueStacksSetup\BlueStacks10Installer_10.4.60.1001_native_4249dd406b73cc2d6c8058f49149e3d4_MzsxNSwwOzUsMTsxNSw0OzE1_WW9vc2Vl.exe
2023-10-20 18:22:20.937 13168:00000017 (BlueStacksInstaller) INFO: Will download images later: Pie64
2023-10-20 18:22:20.937 13168:00000017 (BlueStacksInstaller) INFO: Starting downloader of BSX
2023-10-20 18:22:20.940 13168:00000017 (BlueStacksInstaller) INFO: Downloading BSX installer at C:\Users\ewert\AppData\Local\BlueStacksSetup\BSX-Setup-5.13.215.1003_nxt.exe
2023-10-20 18:22:22.279 13168:0000000A (BlueStacksInstaller) INFO: LastRecorded: 0, Downloaded: 2841720
2023-10-20 18:22:27.292 13168:00000009 (BlueStacksInstaller) INFO: LastRecorded: 2841720, Downloaded: 53771752
2023-10-20 18:22:32.301 13168:0000000A (BlueStacksInstaller) INFO: LastRecorded: 53771752, Downloaded: 103818358
2023-10-20 18:22:37.305 13168:00000019 (BlueStacksInstaller) INFO: LastRecorded: 103818358, Downloaded: 153987126
2023-10-20 18:22:38.482 13168:00000016 (BlueStacksInstaller) INFO: Starting installation of BSX
2023-10-20 18:22:38.482 13168:00000016 (BlueStacksInstaller) INFO: C:\Users\ewert\AppData\Local\BlueStacksSetup\BSX-Setup-5.13.215.1003_nxt.exe -s
2023-10-20 18:22:38.560 13168:00000017 (BlueStacksInstaller) INFO: Downloading Pie64 at C:\ProgramData\Pie64_5.13.215.1003.exe
2023-10-20 18:22:42.305 13168:00000019 (BlueStacksInstaller) INFO: LastRecorded: 153987126, Downloaded: 33773681
2023-10-20 18:22:47.309 13168:00000019 (BlueStacksInstaller) INFO: LastRecorded: 33773681, Downloaded: 74046910
2023-10-20 18:22:52.426 13168:00000019 (BlueStacksInstaller) INFO: LastRecorded: 74046910, Downloaded: 122790479
2023-10-20 18:22:57.438 13168:00000009 (BlueStacksInstaller) INFO: LastRecorded: 122790479, Downloaded: 170621823
2023-10-20 18:23:02.440 13168:00000009 (BlueStacksInstaller) INFO: LastRecorded: 170638207, Downloaded: 219133479
2023-10-20 18:23:05.475 13168:00000016 (BlueStacksInstaller) INFO: C:\Users\ewert\AppData\Local\BlueStacksSetup\BSX-Setup-5.13.215.1003_nxt.exe exited with ExitCode: 0
2023-10-20 18:23:07.443 13168:00000019 (BlueStacksInstaller) INFO: LastRecorded: 219133479, Downloaded: 269045519
2023-10-20 18:23:12.455 13168:00000019 (BlueStacksInstaller) INFO: LastRecorded: 269045519, Downloaded: 319417887
2023-10-20 18:23:17.466 13168:0000000A (BlueStacksInstaller) INFO: LastRecorded: 319417887, Downloaded: 358408439
2023-10-20 18:23:22.468 13168:0000000A (BlueStacksInstaller) INFO: LastRecorded: 358408439, Downloaded: 401654519
2023-10-20 18:23:27.480 13168:00000019 (BlueStacksInstaller) INFO: LastRecorded: 401654519, Downloaded: 448439551
2023-10-20 18:23:32.485 13168:00000019 (BlueStacksInstaller) INFO: LastRecorded: 448439551, Downloaded: 491135911
2023-10-20 18:23:37.488 13168:00000019 (BlueStacksInstaller) INFO: LastRecorded: 491135911, Downloaded: 542632063
2023-10-20 18:23:37.771 13168:00000017 (BlueStacksInstaller) INFO: Download completed for Pie64
2023-10-20 18:23:49.215 13168:00000017 (BlueStacksInstaller) INFO: Downloading full installer at C:\Users\ewert\AppData\Local\Temp\BlueStacks10Installer_10.4.60.1001_native_4249dd406b73cc2d6c8058f49149e3d4_MzsxNSwwOzUsMTsxNSw0OzE1_WW9vc2Vl.exe
2023-10-20 18:23:52.513 13168:00000019 (BlueStacksInstaller) INFO: LastRecorded: 542632063, Downloaded: 25775863
2023-10-20 18:23:57.524 13168:0000000A (BlueStacksInstaller) INFO: LastRecorded: 25775863, Downloaded: 78571071
2023-10-20 18:24:02.237 13168:00000017 (BlueStacksInstaller) INFO: MIsDownloading false
2023-10-20 18:24:02.250 13168:00000014 (BlueStacksInstaller) INFO: TODO: Fix GUID generation. This should not happen. Detected GUID in HKLM: 9c4f0e97-8d85-451a-bddc-5305c085b125
2023-10-20 18:24:02.517 13168:00000016 (BlueStacksInstaller) INFO: Installer file moved from C:\Users\ewert\AppData\Local\Temp\BlueStacks10Installer_10.4.60.1001_native_4249dd406b73cc2d6c8058f49149e3d4_MzsxNSwwOzUsMTsxNSw0OzE1_WW9vc2Vl.exe to C:\Users\ewert\AppData\Local\BlueStacksSetup\BlueStacks10Installer_10.4.60.1001_native_4249dd406b73cc2d6c8058f49149e3d4_MzsxNSwwOzUsMTsxNSw0OzE1_WW9vc2Vl.exe
2023-10-20 18:24:02.517 13168:00000016 (BlueStacksInstaller) INFO: Running Installer process C:\Users\ewert\AppData\Local\BlueStacksSetup\BlueStacks10Installer_10.4.60.1001_native_4249dd406b73cc2d6c8058f49149e3d4_MzsxNSwwOzUsMTsxNSw0OzE1_WW9vc2Vl.exe args :-versionMachineID=810c87d9-ff07-4e85-be45-ce86dc9723d4 -machineID=9c4f0e97-8d85-451a-bddc-5305c085b125 -pddir="C:\ProgramData\BlueStacks_nxt" -defaultImageName=Pie64 -imageToLaunch=Pie64 -isSSE4Available=1 -appToLaunch=bsx -bsxVersion=10.4.60.1001 -country=BR -skipBinaryShortcuts -isWalletFeatureEnabled
2023-10-20 18:24:02.721 13168:00000014 (BlueStacksInstaller) INFO: Nowgg_wallet install response: {"data":{},"success":true}

2023-10-20 18:25:15.935 13168:00000016 (BlueStacksInstaller) INFO: Full installer process finished with ExitCode: 5
2023-10-20 18:25:15.935 13168:00000016 (BlueStacksInstaller) INFO: Cleaning temporary installer directory : C:\Users\ewert\AppData\Local\BlueStacksSetup
2023-10-20 18:25:15.966 13168:00000016 (BlueStacksInstaller) INFO: Is user upgrading AND installing new image: False
2023-10-20 18:25:16.123 13168:0000000D (BlueStacksInstaller) INFO: ExitApplication 0
2023-10-20 18:25:17.467 8128:00000001 (BlueStacksInstaller) INFO: ExitApplication 0
