2023-10-08 13:05:07.148 11820:00000001 (BlueStacksInstaller) INFO: Successfully populated en-US strings
2023-10-08 13:05:07.148 11820:00000001 (BlueStacksInstaller) INFO: Successfully populated en-US strings
2023-10-08 13:05:07.163 11820:00000001 (BlueStacksInstaller) INFO: Successfully populated pt-BR strings
2023-10-08 13:05:07.163 11820:00000001 (BlueStacksInstaller) INFO: Populated strings for pt-BR: True
2023-10-08 13:05:07.195 11820:00000006 (BlueStacksInstaller) INFO: Old BGP version: 
2023-10-08 13:05:07.195 11820:00000006 (BlueStacksInstaller) INFO: Arabica version: 
2023-10-08 13:05:07.210 11820:00000001 (BlueStacksInstaller) INFO: Launching C:\Users\ewert\AppData\Local\Temp\7zS033CECA5\:BlueStacksInstaller.exe "BlueStacks10Installer_10.4.30.1003_native_e3a6b3329bbbaf5b1bc8469f33c95337_MzsxNSwwOzUsMTsxNSw0OzE1.exe"
2023-10-08 13:05:07.226 11820:00000006 (BlueStacksInstaller) INFO: RunCmd: Starting: C:\Users\ewert\AppData\Local\Temp\7zS033CECA5\HD-CheckCpu.exe --cmd checkHypervEnabled
2023-10-08 13:05:07.366 11820:00000006 (BlueStacksInstaller) INFO: RunCmd for pid: 3108, exited with ExitCode: 0 
2023-10-08 13:05:07.366 11820:00000006 (BlueStacksInstaller) INFO: Hyperv state of the machine: enabled
2023-10-08 13:05:07.382 11820:00000006 (BlueStacksInstaller) INFO: Parent FileName: BlueStacks10Installer_10.4.30.1003_native_e3a6b3329bbbaf5b1bc8469f33c95337_MzsxNSwwOzUsMTsxNSw0OzE1.exe
2023-10-08 13:05:07.382 11820:00000006 (BlueStacksInstaller) INFO: Parsing: e3a6b3329bbbaf5b1bc8469f33c95337_MzsxNSwwOzUsMTsxNSw0OzE1
2023-10-08 13:05:07.382 11820:00000006 (BlueStacksInstaller) INFO: Getting installed images from conf
2023-10-08 13:05:07.382 11820:00000006 (BlueStacksInstaller) INFO: Installed images: 
2023-10-08 13:05:07.382 11820:00000006 (BlueStacksInstaller) INFO: Getting installed images from conf
2023-10-08 13:05:07.398 11820:00000006 (BlueStacksInstaller) INFO: Installed images with abi: 
2023-10-08 13:05:07.398 11820:00000006 (BlueStacksInstaller) INFO: Updating DefaultImageName to Pie64
2023-10-08 13:05:07.398 11820:00000006 (BlueStacksInstaller) INFO: Updating ImageToLaunch to Pie64
2023-10-08 13:05:07.398 11820:00000006 (BlueStacksInstaller) INFO: Campaign: e3a6b3329bbbaf5b1bc8469f33c95337, AppName: , Image: Pie64, AbiValue: 15
2023-10-08 13:05:07.429 11820:00000006 (BlueStacksInstaller) WARNING: Failed to set registry value at Software\BlueStacksInstaller for MachineID:9c4f0e97-8d85-451a-bddc-5305c085b125
2023-10-08 13:05:07.429 11820:00000006 (BlueStacksInstaller) WARNING: Failed to set registry value at Software\BlueStacksInstaller for VersionMachineId_5.13.200.1029:7fc8a9b6-bfbd-4d6d-914e-aa550e160f63
2023-10-08 13:05:07.429 11820:00000006 (BlueStacksInstaller) INFO: Sending event mi_launched
2023-10-08 13:05:08.461 11820:00000006 (BlueStacksInstaller) INFO: Response for event mi_launched: {"fle_obj": {"app_url": "", "campaign_name": "bsx-install-button-home-pt-br", "exit_utm_campaign": "bsx-install-button-home-pt-br", "app_icon_url": "", "app_pkg": "", "app_name": "", "promoter_id": "", "fle_tag": "", "incompatible": "false", "bsx_data": "{}"}}
2023-10-08 13:05:11.655 1364:00000001 (BlueStacksInstaller) INFO: Successfully populated en-US strings
2023-10-08 13:05:11.655 1364:00000001 (BlueStacksInstaller) INFO: Successfully populated en-US strings
2023-10-08 13:05:11.655 1364:00000001 (BlueStacksInstaller) INFO: Successfully populated pt-BR strings
2023-10-08 13:05:11.655 1364:00000001 (BlueStacksInstaller) INFO: Populated strings for pt-BR: True
2023-10-08 13:05:11.671 1364:00000001 (BlueStacksInstaller) INFO: Application Main
2023-10-08 13:05:11.671 1364:00000006 (BlueStacksInstaller) INFO: Old BGP version: 
2023-10-08 13:05:11.671 1364:00000006 (BlueStacksInstaller) INFO: Arabica version: 
2023-10-08 13:05:11.687 1364:00000006 (BlueStacksInstaller) INFO: RunCmd: Starting: C:\Users\ewert\AppData\Local\Temp\7zS033CECA5\HD-CheckCpu.exe --cmd checkHypervEnabled
2023-10-08 13:05:11.733 1364:00000006 (BlueStacksInstaller) INFO: RunCmd for pid: 1288, exited with ExitCode: 0 
2023-10-08 13:05:11.733 1364:00000006 (BlueStacksInstaller) INFO: Hyperv state of the machine: enabled
2023-10-08 13:05:11.733 1364:00000006 (BlueStacksInstaller) INFO: Parent FileName: BlueStacks10Installer_10.4.30.1003_native_e3a6b3329bbbaf5b1bc8469f33c95337_MzsxNSwwOzUsMTsxNSw0OzE1.exe
2023-10-08 13:05:11.733 1364:00000006 (BlueStacksInstaller) INFO: Parsing: e3a6b3329bbbaf5b1bc8469f33c95337_MzsxNSwwOzUsMTsxNSw0OzE1
2023-10-08 13:05:11.749 1364:00000006 (BlueStacksInstaller) INFO: Getting installed images from conf
2023-10-08 13:05:11.749 1364:00000006 (BlueStacksInstaller) INFO: Installed images: 
2023-10-08 13:05:11.749 1364:00000006 (BlueStacksInstaller) INFO: Getting installed images from conf
2023-10-08 13:05:11.749 1364:00000006 (BlueStacksInstaller) INFO: Installed images with abi: 
2023-10-08 13:05:11.749 1364:00000006 (BlueStacksInstaller) INFO: Updating DefaultImageName to Pie64
2023-10-08 13:05:11.749 1364:00000006 (BlueStacksInstaller) INFO: Updating ImageToLaunch to Pie64
2023-10-08 13:05:11.749 1364:00000006 (BlueStacksInstaller) INFO: Campaign: e3a6b3329bbbaf5b1bc8469f33c95337, AppName: , Image: Pie64, AbiValue: 15
2023-10-08 13:05:11.780 1364:00000006 (BlueStacksInstaller) INFO: Sending event mi_admin_launched
2023-10-08 13:05:11.812 1364:00000001 (BlueStacksInstaller) INFO: Application OnStartup
2023-10-08 13:05:12.280 1364:00000006 (BlueStacksInstaller) INFO: Response for event mi_admin_launched: 
2023-10-08 13:05:12.626 1364:0000000C (BlueStacksInstaller) INFO: Checking SSE4 Available
2023-10-08 13:05:12.626 1364:0000000C (BlueStacksInstaller) INFO: RunCmd: Starting: C:\Users\ewert\AppData\Local\Temp\7zS033CECA5\HD-CheckCpu.exe --cmd checkSSE4
2023-10-08 13:05:12.688 1364:0000000C (BlueStacksInstaller) INFO: RunCmd for pid: 8228, exited with ExitCode: 1 
2023-10-08 13:05:12.688 1364:0000000C (BlueStacksInstaller) INFO: Initializing mi
2023-10-08 13:05:12.704 1364:0000000C (BlueStacksInstaller) INFO: Fetching bsx details
2023-10-08 13:05:13.130 1364:0000000C (BlueStacksInstaller) INFO: Install response: {"url": "https://ak-build.bluestacks.com/public/app-player/windows/bsx/nxt/10.4.30.1003/5fe408a5e5d24aa0b7721fe8b1211499/BSX-Setup_10.4.30.1003.exe", "default_installation": "bsx,bs5", "bsx_version": "10.4.30.1003", "default_launch": "bsx", "update_url": "https://ak-build.bluestacks.com/public/app-player/windows/bsx/nxt/10.4.30.1003/5fe408a5e5d24aa0b7721fe8b1211499/BSX-Setup_10.4.30.1003.exe", "cdn_base_path": "https://ak-build.bluestacks.com/public/app-player"}
2023-10-08 13:05:13.133 1364:0000000C (BlueStacksInstaller) INFO: Getting installed images from conf
2023-10-08 13:05:13.133 1364:0000000C (BlueStacksInstaller) INFO: Installed images: 
2023-10-08 13:05:13.133 1364:0000000C (BlueStacksInstaller) INFO: Getting installed images from conf
2023-10-08 13:05:13.133 1364:0000000C (BlueStacksInstaller) INFO: Installed images: 
2023-10-08 13:05:13.133 1364:0000000C (BlueStacksInstaller) INFO: Getting installed images from conf
2023-10-08 13:05:13.133 1364:0000000C (BlueStacksInstaller) INFO: Installed images with abi: 
2023-10-08 13:05:13.133 1364:0000000C (BlueStacksInstaller) INFO: DetectGuestImagesToDownload initializing
2023-10-08 13:05:13.134 1364:0000000C (BlueStacksInstaller) INFO: Installation type is fresh: True
2023-10-08 13:05:13.134 1364:0000000C (BlueStacksInstaller) INFO: Image List to be downloaded: Pie64
2023-10-08 13:05:13.526 1364:0000000C (BlueStacksInstaller) INFO: launcher feature api response: {"quest": {"location": ["topbar"]}, "wallet": {"location": ["topbar"]}, "web3": {"location": ["sidebar"]}, "google_play_icon": {"location": ["bsx_home_rotation_apps"]}}
2023-10-08 13:05:13.534 1364:0000000C (BlueStacksInstaller) INFO: Initialization completed
2023-10-08 13:05:13.537 1364:00000001 (BlueStacksInstaller) INFO: Returning PDDir: C:\ProgramData\BlueStacks_nxt
2023-10-08 13:05:13.538 1364:00000001 (BlueStacksInstaller) INFO: Returning PFDir: C:\Program Files\BlueStacks_nxt
2023-10-08 13:05:13.754 1364:00000001 (BlueStacksInstaller) INFO: Showing mainwindow
2023-10-08 13:05:21.440 1364:00000001 (BlueStacksInstaller) INFO: Checking for supported OS
2023-10-08 13:05:21.442 1364:00000001 (BlueStacksInstaller) INFO: Operating system details: Windows 10 64-bit
2023-10-08 13:05:21.443 1364:00000001 (BlueStacksInstaller) INFO: OS Info: Name: 10, Service Pack: , Arch: 64-bit, Ver: 10.0
2023-10-08 13:05:21.634 1364:00000001 (BlueStacksInstaller) INFO: Checking for physical memory
2023-10-08 13:05:21.654 1364:00000001 (BlueStacksInstaller) INFO: Available: 16131 MB, Required: 1024 MB
2023-10-08 13:05:21.671 1364:00000001 (BlueStacksInstaller) INFO: HDD space available InstallDir: 876542 MB
2023-10-08 13:05:21.673 1364:00000001 (BlueStacksInstaller) INFO: checking path:C:\ProgramData\BlueStacks_nxt and attr:-1..
2023-10-08 13:05:21.675 1364:00000001 (BlueStacksInstaller) INFO: checking path:C:\ProgramData and attr:Hidden, Directory, NotContentIndexed..
2023-10-08 13:05:21.676 1364:00000001 (BlueStacksInstaller) INFO: checking path:C:\Users\ewert\AppData\Local\Temp\ and attr:Directory..
2023-10-08 13:05:21.676 1364:00000001 (BlueStacksInstaller) INFO: checking path:C:\Users\ewert\AppData\Local\Temp and attr:Directory..
2023-10-08 13:05:21.676 1364:00000001 (BlueStacksInstaller) INFO: checking path:C:\Users\ewert\AppData\Local and attr:Directory..
2023-10-08 13:05:21.676 1364:00000001 (BlueStacksInstaller) INFO: checking path:C:\Users\ewert\AppData and attr:Hidden, Directory..
2023-10-08 13:05:21.676 1364:00000001 (BlueStacksInstaller) INFO: checking path:C:\Users\ewert and attr:Directory..
2023-10-08 13:05:21.676 1364:00000001 (BlueStacksInstaller) INFO: checking path:C:\Users and attr:ReadOnly, Directory..
2023-10-08 13:05:21.676 1364:00000001 (BlueStacksInstaller) INFO: Data and InstallDir same: True
2023-10-08 13:05:21.676 1364:00000001 (BlueStacksInstaller) INFO: Space required InstallDir: 1200 MB
2023-10-08 13:05:21.676 1364:00000001 (BlueStacksInstaller) INFO: Space required DataDir: 5920 MB
2023-10-08 13:05:21.676 1364:00000001 (BlueStacksInstaller) INFO: Space required total: 7120
2023-10-08 13:05:21.676 1364:00000001 (BlueStacksInstaller) INFO: Space available: 876542 MB
2023-10-08 13:05:21.681 1364:00000001 (BlueStacksInstaller) INFO: Temp download path: C:\Users\ewert\AppData\Local\Temp\BlueStacks10Installer_10.4.30.1003_native_e3a6b3329bbbaf5b1bc8469f33c95337_MzsxNSwwOzUsMTsxNSw0OzE1.exe
2023-10-08 13:05:21.681 1364:00000001 (BlueStacksInstaller) INFO: Installer file path: C:\Users\ewert\AppData\Local\BlueStacksSetup\BlueStacks10Installer_10.4.30.1003_native_e3a6b3329bbbaf5b1bc8469f33c95337_MzsxNSwwOzUsMTsxNSw0OzE1.exe
2023-10-08 13:05:21.682 1364:00000017 (BlueStacksInstaller) INFO: Will download images later: Pie64
2023-10-08 13:05:21.682 1364:00000017 (BlueStacksInstaller) INFO: Starting downloader of BSX
2023-10-08 13:05:21.684 1364:00000017 (BlueStacksInstaller) INFO: Downloading BSX installer at C:\Users\ewert\AppData\Local\BlueStacksSetup\BSX-Setup-5.13.200.1029_nxt.exe
2023-10-08 13:05:23.764 1364:00000007 (BlueStacksInstaller) INFO: LastRecorded: 0, Downloaded: 21272062
2023-10-08 13:05:28.776 1364:00000007 (BlueStacksInstaller) INFO: LastRecorded: 21272062, Downloaded: 76188973
2023-10-08 13:05:33.791 1364:00000008 (BlueStacksInstaller) INFO: LastRecorded: 76188973, Downloaded: 132359964
2023-10-08 13:05:37.011 1364:00000016 (BlueStacksInstaller) INFO: Starting installation of BSX
2023-10-08 13:05:37.011 1364:00000016 (BlueStacksInstaller) INFO: C:\Users\ewert\AppData\Local\BlueStacksSetup\BSX-Setup-5.13.200.1029_nxt.exe -s
2023-10-08 13:05:37.026 1364:00000017 (BlueStacksInstaller) INFO: Downloading Pie64 at C:\ProgramData\Pie64_5.13.200.1029.exe
2023-10-08 13:05:38.807 1364:00000009 (BlueStacksInstaller) INFO: LastRecorded: 132359964, Downloaded: 20172625
2023-10-08 13:05:43.829 1364:00000008 (BlueStacksInstaller) INFO: LastRecorded: 20172625, Downloaded: 75716721
2023-10-08 13:05:48.834 1364:00000008 (BlueStacksInstaller) INFO: LastRecorded: 75716721, Downloaded: 123625239
2023-10-08 13:05:53.908 1364:00000008 (BlueStacksInstaller) INFO: LastRecorded: 123625239, Downloaded: 176200751
2023-10-08 13:05:59.055 1364:0000000A (BlueStacksInstaller) INFO: LastRecorded: 176241471, Downloaded: 215004087
2023-10-08 13:06:04.025 1364:0000000A (BlueStacksInstaller) INFO: LastRecorded: 215004087, Downloaded: 262244991
2023-10-08 13:06:09.040 1364:00000008 (BlueStacksInstaller) INFO: LastRecorded: 262244991, Downloaded: 308545071
2023-10-08 13:06:13.187 1364:00000016 (BlueStacksInstaller) INFO: C:\Users\ewert\AppData\Local\BlueStacksSetup\BSX-Setup-5.13.200.1029_nxt.exe exited with ExitCode: 0
2023-10-08 13:06:14.058 1364:00000014 (BlueStacksInstaller) INFO: LastRecorded: 308545071, Downloaded: 357023959
2023-10-08 13:06:19.071 1364:0000000A (BlueStacksInstaller) INFO: LastRecorded: 357040343, Downloaded: 405413455
2023-10-08 13:06:24.089 1364:0000000A (BlueStacksInstaller) INFO: LastRecorded: 405413455, Downloaded: 451986167
2023-10-08 13:06:29.106 1364:00000008 (BlueStacksInstaller) INFO: LastRecorded: 451986167, Downloaded: 502411663
2023-10-08 13:06:33.354 1364:00000017 (BlueStacksInstaller) INFO: Download completed for Pie64
2023-10-08 13:06:45.281 1364:00000017 (BlueStacksInstaller) INFO: Downloading full installer at C:\Users\ewert\AppData\Local\Temp\BlueStacks10Installer_10.4.30.1003_native_e3a6b3329bbbaf5b1bc8469f33c95337_MzsxNSwwOzUsMTsxNSw0OzE1.exe
2023-10-08 13:06:49.170 1364:00000007 (BlueStacksInstaller) INFO: LastRecorded: 502411663, Downloaded: 37523868
2023-10-08 13:06:54.181 1364:00000014 (BlueStacksInstaller) INFO: LastRecorded: 37523868, Downloaded: 89219628
2023-10-08 13:06:58.252 1364:00000017 (BlueStacksInstaller) INFO: MIsDownloading false
2023-10-08 13:06:58.258 1364:00000016 (BlueStacksInstaller) INFO: Installer file moved from C:\Users\ewert\AppData\Local\Temp\BlueStacks10Installer_10.4.30.1003_native_e3a6b3329bbbaf5b1bc8469f33c95337_MzsxNSwwOzUsMTsxNSw0OzE1.exe to C:\Users\ewert\AppData\Local\BlueStacksSetup\BlueStacks10Installer_10.4.30.1003_native_e3a6b3329bbbaf5b1bc8469f33c95337_MzsxNSwwOzUsMTsxNSw0OzE1.exe
2023-10-08 13:06:58.258 1364:00000016 (BlueStacksInstaller) INFO: Running Installer process C:\Users\ewert\AppData\Local\BlueStacksSetup\BlueStacks10Installer_10.4.30.1003_native_e3a6b3329bbbaf5b1bc8469f33c95337_MzsxNSwwOzUsMTsxNSw0OzE1.exe args :-versionMachineID=7fc8a9b6-bfbd-4d6d-914e-aa550e160f63 -machineID=9c4f0e97-8d85-451a-bddc-5305c085b125 -pddir="C:\ProgramData\BlueStacks_nxt" -defaultImageName=Pie64 -imageToLaunch=Pie64 -isSSE4Available=1 -appToLaunch=bsx -bsxVersion=10.4.30.1003 -country=BR -skipBinaryShortcuts -isWalletFeatureEnabled
2023-10-08 13:06:58.669 1364:00000015 (BlueStacksInstaller) INFO: Nowgg_wallet install response: {"data":{"installer_dir_url":"https://ak-build.bluestacks.com/public/nowgg/wallet/windows/prod/3.0.1.149/x64","url":"https://ak-build.bluestacks.com/public/nowgg/wallet/windows/prod/3.0.1.149/x64/BlueStacksServicesSetup.exe"},"success":true}

2023-10-08 13:06:58.671 1364:00000015 (BlueStacksInstaller) INFO: Downloading nowgg_wallet installer at C:\ProgramData\BlueStacksServicesSetup.exe
2023-10-08 13:07:06.856 1364:00000015 (BlueStacksInstaller) INFO: wallet download completed
2023-10-08 13:07:06.858 1364:00000015 (BlueStacksInstaller) INFO: Starting installation of nowgg_wallet, C:\ProgramData\BlueStacksServicesSetup.exe
2023-10-08 13:09:16.221 1364:00000016 (BlueStacksInstaller) INFO: Full installer process finished with ExitCode: 5
2023-10-08 13:09:16.221 1364:00000016 (BlueStacksInstaller) INFO: Cleaning temporary installer directory : C:\Users\ewert\AppData\Local\BlueStacksSetup
2023-10-08 13:09:16.263 1364:00000016 (BlueStacksInstaller) INFO: Is user upgrading AND installing new image: False
2023-10-08 13:09:16.375 1364:0000000D (BlueStacksInstaller) INFO: ExitApplication 0
2023-10-08 13:09:18.003 11820:00000001 (BlueStacksInstaller) INFO: ExitApplication 0
