2023-10-08 13:42:15.762 7252:00000001 (BlueStacksUninstaller) INFO: Copying C:\Program Files\BlueStacks_bgp64_hyperv\Assets to C:\Users\ewert\AppData\Local\Temp\Assets
2023-10-08 13:42:15.783 7252:00000001 (BlueStacksUninstaller) INFO: Copying files from C:\Program Files\BlueStacks_bgp64_hyperv\Assets to C:\Users\ewert\AppData\Local\Temp\Assets
2023-10-08 13:42:15.792 7252:00000001 (BlueStacksUninstaller) INFO: Copying files from C:\Program Files\BlueStacks_bgp64_hyperv\ to C:\Users\ewert\AppData\Local\Temp\
2023-10-08 13:42:15.802 7252:00000001 (BlueStacksUninstaller) INFO: Copying oem.cfg
2023-10-08 13:42:15.802 7252:00000001 (BlueStacksUninstaller) INFO: Copying theme file
2023-10-08 13:42:15.802 7252:00000001 (BlueStacksUninstaller) INFO: All files copied, starting File exectuion from temp path
2023-10-08 13:42:16.130 7252:00000001 (BlueStacksUninstaller) INFO: Main unistall process started, exiting current application.
2023-10-08 13:42:16.506 4900:00000001 (BlueStacksUninstaller) INFO: Attempting to load Oem.cfg from path: C:\Users\ewert\AppData\Local\Temp\Oem.cfg
2023-10-08 13:42:16.742 4900:00000001 (BlueStacksUninstaller) INFO: Feature Manager Init - isAync:True downloadBstConfig:True
2023-10-08 13:42:16.742 4900:00000001 (BlueStacksUninstaller) INFO: Feature Manager Init - UpdateBstConfig:False - bst_config Path:C:\ProgramData\BlueStacks_bgp64_hyperv\Client\bst_config DoesExist: False
2023-10-08 13:42:16.742 4900:00000001 (BlueStacksUninstaller) INFO: Loading bst_config Settings from C:\ProgramData\BlueStacks_bgp64_hyperv\Client\bst_config
2023-10-08 13:42:16.789 4900:00000001 (BlueStacksUninstaller) INFO: Finding closest locale match to pt-BR
2023-10-08 13:42:16.801 4900:00000001 (BlueStacksUninstaller) INFO: Match found by region: pt-BR
2023-10-08 13:42:16.805 4900:00000001 (BlueStacksUninstaller) INFO: Successfully populated en-US strings
2023-10-08 13:42:16.820 4900:00000001 (BlueStacksUninstaller) INFO: Successfully populated pt-BR strings
2023-10-08 13:42:21.169 4900:00000007 (BlueStacksUninstaller) INFO: Killing all BlueStacks processes
2023-10-08 13:42:21.253 4900:00000007 (BlueStacksUninstaller) INFO: StopService BlueStacksDrv_bgp64_hyperv
2023-10-08 13:42:21.254 4900:00000007 (BlueStacksUninstaller) INFO: OpenSCManager
2023-10-08 13:42:21.257 4900:00000007 (BlueStacksUninstaller) INFO: Deleting directory : C:\Program Files\BlueStacks_bgp64_hyperv\
2023-10-08 13:42:21.301 4900:00000007 (BlueStacksUninstaller) INFO: Deleting directory : C:\ProgramData\BlueStacks_bgp64_hyperv
2023-10-08 13:42:22.783 4900:00000007 (BlueStacksUninstaller) INFO: Deleting directory : C:\Users\ewert\AppData\Local\BlueStacksSetup
2023-10-08 13:42:22.971 4900:00000007 (BlueStacksUninstaller) INFO: Deleting: C:\Users\Public\Desktop\BlueStacks (HyperV) Beta.lnk
2023-10-08 13:42:22.971 4900:00000007 (BlueStacksUninstaller) INFO: Deleting: C:\ProgramData\Microsoft\Windows\Start Menu\Programs\BlueStacks (HyperV) Beta.lnk
2023-10-08 13:42:22.971 4900:00000007 (BlueStacksUninstaller) INFO: Deleting: C:\Users\Public\Desktop\BlueStacks Multi-Instance Manager (HyperV).lnk
2023-10-08 13:42:22.971 4900:00000007 (BlueStacksUninstaller) INFO: Deleting: C:\ProgramData\Microsoft\Windows\Start Menu\Programs\BlueStacks Multi-Instance Manager (HyperV).lnk
2023-10-08 13:42:22.987 4900:00000007 (BlueStacksUninstaller) INFO: UninstallService BlueStacksDrv_bgp64_hyperv
2023-10-08 13:42:22.987 4900:00000007 (BlueStacksUninstaller) INFO: OpenSCManager
2023-10-08 13:42:22.987 4900:00000007 (BlueStacksUninstaller) INFO: Service BlueStacksDrv_bgp64_hyperv is not installed or inaccessible.
2023-10-08 13:42:22.987 4900:00000007 (BlueStacksUninstaller) INFO: DeleteInstallApkScheme start
2023-10-08 13:42:22.987 4900:00000007 (BlueStacksUninstaller) INFO: DeleteInstallApkScheme end
2023-10-08 13:42:22.987 4900:00000007 (BlueStacksUninstaller) INFO: DeleteInstallApkScheme start
2023-10-08 13:42:22.987 4900:00000007 (BlueStacksUninstaller) INFO: DeleteInstallApkScheme end
2023-10-08 13:42:24.416 4900:00000001 (BlueStacksUninstaller) INFO: uninstallation clean value : 0
