2023-10-08 13:44:13.450 3700:00000001 (BlueStacksInstaller) INFO: Successfully populated en-US strings
2023-10-08 13:44:13.501 3700:00000001 (BlueStacksInstaller) INFO: Populated strings for pt-BR: True
2023-10-08 13:44:13.610 3700:00000001 (BlueStacksInstaller) INFO: FileName: .exe
2023-10-08 13:44:13.610 3700:00000001 (BlueStacksInstaller) INFO: Campaign: null
2023-10-08 13:44:13.626 3700:00000001 (BlueStacksInstaller) INFO: Sending: mi_launched, , 
2023-10-08 13:44:14.907 7376:00000001 (BlueStacksInstaller) INFO: Successfully populated en-US strings
2023-10-08 13:44:14.907 7376:00000001 (BlueStacksInstaller) INFO: Populated strings for pt-BR: True
2023-10-08 13:44:14.927 7376:00000003 (BlueStacksInstaller) INFO: Sending: mi_admin_launched, , 
2023-10-08 13:44:14.977 7376:00000001 (BlueStacksInstaller) INFO: Returning PDDir: C:\ProgramData\BlueStacks
2023-10-08 13:44:14.977 7376:00000001 (BlueStacksInstaller) INFO: Returning PFDir: C:\Program Files\BlueStacks
2023-10-08 13:44:16.444 7376:00000005 (BlueStacksInstaller) INFO: The json response for get_installer_images null is {"installer_images": []}
2023-10-08 13:44:16.475 7376:00000001 (BlueStacksInstaller) ERROR: Exception while setting image as background System.IO.DirectoryNotFoundException: Não foi possível localizar uma parte do caminho 'C:\Users\ewert\AppData\Local\Temp\Assets'.
   em System.IO.__Error.WinIOError(Int32 errorCode, String maybeFullPath)
   em System.IO.FileSystemEnumerableIterator`1.CommonInit()
   em System.IO.FileSystemEnumerableIterator`1..ctor(String path, String originalUserPath, String searchPattern, SearchOption searchOption, SearchResultHandler`1 resultHandler, Boolean checkHost)
   em System.IO.Directory.GetFiles(String path, String searchPattern, SearchOption searchOption)
   em BlueStacks.MicroInstaller.MainWindow.MCampaignImageDownloader_RunWorkerCompleted(Object sender, RunWorkerCompletedEventArgs e)
2023-10-08 13:44:19.596 7376:00000001 (BlueStacksInstaller) INFO: Sending: mi_closed, , 
2023-10-08 13:44:28.556 9420:00000001 (BlueStacksInstaller) INFO: Successfully populated en-US strings
2023-10-08 13:44:28.556 9420:00000001 (BlueStacksInstaller) INFO: Populated strings for pt-BR: True
2023-10-08 13:44:28.588 9420:00000001 (BlueStacksInstaller) INFO: FileName: .exe
2023-10-08 13:44:28.588 9420:00000001 (BlueStacksInstaller) INFO: Campaign: null
2023-10-08 13:44:28.588 9420:00000001 (BlueStacksInstaller) INFO: Sending: mi_launched, , 
2023-10-08 13:44:29.326 9420:00000004 (BlueStacksInstaller) INFO: Sending: mi_uac_prompted, , 
2023-10-08 13:44:31.524 10104:00000001 (BlueStacksInstaller) INFO: Successfully populated en-US strings
2023-10-08 13:44:31.524 10104:00000001 (BlueStacksInstaller) INFO: Populated strings for pt-BR: True
2023-10-08 13:44:31.544 10104:00000003 (BlueStacksInstaller) INFO: Sending: mi_admin_launched, , 
2023-10-08 13:44:31.584 10104:00000001 (BlueStacksInstaller) INFO: Returning PDDir: C:\ProgramData\BlueStacks
2023-10-08 13:44:31.584 10104:00000001 (BlueStacksInstaller) INFO: Returning PFDir: C:\Program Files\BlueStacks
2023-10-08 13:44:32.289 10104:00000005 (BlueStacksInstaller) INFO: The json response for get_installer_images null is {"installer_images": []}
2023-10-08 13:44:32.321 10104:00000001 (BlueStacksInstaller) ERROR: Exception while setting image as background System.IO.DirectoryNotFoundException: Não foi possível localizar uma parte do caminho 'C:\Users\ewert\AppData\Local\Temp\Assets'.
   em System.IO.__Error.WinIOError(Int32 errorCode, String maybeFullPath)
   em System.IO.FileSystemEnumerableIterator`1.CommonInit()
   em System.IO.FileSystemEnumerableIterator`1..ctor(String path, String originalUserPath, String searchPattern, SearchOption searchOption, SearchResultHandler`1 resultHandler, Boolean checkHost)
   em System.IO.Directory.GetFiles(String path, String searchPattern, SearchOption searchOption)
   em BlueStacks.MicroInstaller.MainWindow.MCampaignImageDownloader_RunWorkerCompleted(Object sender, RunWorkerCompletedEventArgs e)
2023-10-08 13:44:37.830 10104:00000008 (BlueStacksInstaller) INFO: Sending: mi_license_agreed, , 
2023-10-08 13:44:37.830 10104:00000001 (BlueStacksInstaller) INFO: Checking for physical memory
2023-10-08 13:44:37.878 10104:00000001 (BlueStacksInstaller) INFO: Available: 16131 MB, Required: 1024 MB
2023-10-08 13:44:37.878 10104:00000001 (BlueStacksInstaller) INFO: HDD space available datadir: 855 GB
2023-10-08 13:44:37.878 10104:0000000C (BlueStacksInstaller) INFO: Sending: mi_checks_passed, , 
2023-10-08 13:44:37.878 10104:00000001 (BlueStacksInstaller) INFO: Temp download path: C:\Users\ewert\AppData\Local\Temp\.exe
2023-10-08 13:44:37.878 10104:00000001 (BlueStacksInstaller) INFO: Installer file path: C:\Users\ewert\AppData\Local\BlueStacksSetup\.exe
2023-10-08 13:44:37.893 10104:0000000D (BlueStacksInstaller) INFO: Download url: http://cdn3.bluestacks.com/downloads/windows/bgp/4.150.13.1003/497972e06285ff8f19810ddb8dcb0eba/x64/BlueStacks-Installer_4.150.13.1003_amd64_native.exe?filename=.exe
2023-10-08 13:44:38.301 10104:0000000E (BlueStacksInstaller) INFO: Sending: mi_download_started, , 
2023-10-08 13:45:35.995 10104:00000005 (BlueStacksInstaller) INFO: Sending: mi_download_completed, , 
2023-10-08 13:45:43.469 10104:0000000B (BlueStacksInstaller) INFO: Sending: mi_full_installer_launched, , 
2023-10-08 13:47:35.236 10104:00000006 (BlueStacksInstaller) INFO: Full installer process finished with ExitCode: 0
2023-10-08 13:47:35.393 9420:00000001 (BlueStacksInstaller) INFO: Sending: mi_client_launched, , 
