2023-10-08 13:05:06.319 11820:00000001 (Unknown) INFO: Finding closest locale match to pt-BR
2023-10-08 13:05:06.319 11820:00000001 (BlueStacksInstaller) INFO: Match found by region: pt-BR
2023-10-08 13:05:06.945 11820:00000001 (BlueStacksInstaller) INFO: UserCountry resp: {"country": "BR", "latlong": "-6.851146,-35.492258"}
2023-10-08 13:05:07.023 11820:00000001 (BlueStacksInstaller) INFO: Using cloud host: https://cloud.bluestacks.com
2023-10-08 13:05:07.023 11820:00000001 (BlueStacksInstaller) INFO: Using Nowgg cloud host: https://wallet.now.gg
2023-10-08 13:05:11.154 1364:00000001 (Unknown) INFO: Finding closest locale match to pt-BR
2023-10-08 13:05:11.157 1364:00000001 (BlueStacksInstaller) INFO: Match found by region: pt-BR
2023-10-08 13:05:11.615 1364:00000001 (BlueStacksInstaller) INFO: UserCountry resp: {"country": "BR", "latlong": "-6.851146,-35.492258"}
2023-10-08 13:05:11.633 1364:00000001 (BlueStacksInstaller) INFO: Using cloud host: https://cloud.bluestacks.com
2023-10-08 13:05:11.634 1364:00000001 (BlueStacksInstaller) INFO: Using Nowgg cloud host: https://wallet.now.gg
2023-10-08 13:34:08.345 9876:00000001 (Unknown) INFO: Using cloud host: https://cloud.bluestacks.com
2023-10-08 13:34:12.354 2652:00000001 (Unknown) INFO: Using cloud host: https://cloud.bluestacks.com
2023-10-11 20:15:53.891 5672:00000001 (Unknown) INFO: Finding closest locale match to pt-BR
2023-10-11 20:15:53.899 5672:00000001 (BlueStacksInstaller) INFO: Match found by region: pt-BR
2023-10-11 20:15:54.684 5672:00000001 (BlueStacksInstaller) INFO: UserCountry resp: {"country": "BR", "latlong": "-6.851146,-35.492258"}
2023-10-11 20:15:54.727 5672:00000001 (BlueStacksInstaller) INFO: Using cloud host: https://cloud.bluestacks.com
2023-10-11 20:15:54.729 5672:00000001 (BlueStacksInstaller) INFO: Using Nowgg cloud host: https://wallet.now.gg
2023-10-11 20:15:57.800 9364:00000001 (Unknown) INFO: Finding closest locale match to pt-BR
2023-10-11 20:15:57.801 9364:00000001 (BlueStacksInstaller) INFO: Match found by region: pt-BR
2023-10-11 20:15:58.354 9364:00000001 (BlueStacksInstaller) INFO: UserCountry resp: {"country": "BR", "latlong": "-6.851146,-35.492258"}
2023-10-11 20:15:58.385 9364:00000001 (BlueStacksInstaller) INFO: Using cloud host: https://cloud.bluestacks.com
2023-10-11 20:15:58.385 9364:00000001 (BlueStacksInstaller) INFO: Using Nowgg cloud host: https://wallet.now.gg
