00:00:01.624645 VirtualBox GUI VM Selector Window 7.1.4 r165100 win.amd64 (Oct 10 2024 18:57:17) release log
00:00:01.624648 Log opened 2024-11-07T22:39:33.077427400Z
00:00:01.624649 Build Type: release
00:00:01.624657 OS Product: Windows 11
00:00:01.624658 OS Release: 10.0.22631
00:00:01.624659 OS Service Pack: 
00:00:01.655583 DMI Product Name: U59
00:00:01.699037 DMI Product Version: Default string
00:00:01.699097 Firmware type: UEFI
00:00:01.700120 Secure Boot: Disabled
00:00:01.700144 Host RAM: 16131MB (15.7GB) total, 7310MB (7.1GB) available
00:00:01.700154 Executable: C:\Program Files\Oracle\VirtualBox\VirtualBox.exe
00:00:01.700155 Process ID: 19232
00:00:01.700155 Package type: WINDOWS_64BITS_GENERIC
00:00:01.700156 Windows Features:
00:00:01.700157   Core Isolation (Memory Integrity): ENABLED
00:00:01.700570 Qt version: 6.5.3
00:00:01.701707 GUI: UIMediumEnumerator: Initial medium-enumeration finished!
00:00:01.789173 GUI: UIMediumEnumerator: Medium-enumeration started...
00:00:03.700332 GUI: UIMediumEnumerator: Medium-enumeration finished!
00:09:21.075414 GUI: UICommon: Handling aboutToQuit request..
00:09:21.663606 GUI: UICommon: aboutToQuit request handled!
