00:00:00.013078 main     VirtualBox COM Server 7.1.4 r165100 win.amd64 (Oct 10 2024 18:57:17) release log
00:00:00.013088 main     Log opened 2024-11-07T22:39:32.241457000Z
00:00:00.013089 main     Build Type: release
00:00:00.013110 main     OS Product: Windows 11
00:00:00.013111 main     OS Release: 10.0.22631
00:00:00.013112 main     OS Service Pack: 
00:00:00.091740 main     DMI Product Name: U59
00:00:00.134948 main     DMI Product Version: Default string
00:00:00.135005 main     Firmware type: UEFI
00:00:00.144488 main     Secure Boot: Disabled
00:00:00.144559 main     Host RAM: 16131MB (15.7GB) total, 7296MB (7.1GB) available
00:00:00.144577 main     Executable: C:\Program Files\Oracle\VirtualBox\VBoxSVC.exe
00:00:00.144578 main     Process ID: 6340
00:00:00.144579 main     Package type: WINDOWS_64BITS_GENERIC
00:00:00.144593 main     Windows Features:
00:00:00.144593 main       Core Isolation (Memory Integrity): ENABLED
00:00:00.374270          VirtualBox: object creation starts
00:00:00.374735          Home directory: 'C:\Users\ewert\.VirtualBox'
00:00:00.374902          Installed Drivers:
00:00:00.383752            C:\WINDOWS\system32\DRIVERS\VBoxSup.sys (Version: 7.1.4.15100)
00:00:00.384449            C:\WINDOWS\system32\DRIVERS\VBoxUSBMon.sys (Version: 7.1.4.15100)
00:00:00.385085            C:\WINDOWS\system32\DRIVERS\VBoxNetLwf.sys (Version: 7.1.4.15100)
00:00:00.385701            C:\WINDOWS\system32\DRIVERS\VBoxNetAdp6.sys (Version: 7.1.4.15100)
00:00:00.401638          usbLibGetDevices: Starting USB device enumeration
00:00:00.406805          Getting USB descriptor (id 0) failed (dwErr=31) on hub USB#ROOT_HUB30#4&2852d583&0&0#{f18a0e88-c30c-11d0-8815-00a0c906bed8} port 8
00:00:00.410366          usbLibGetDevices: Found 4 USB devices, 0 captured
00:00:00.410569          USB: Unknown USB device detected (idVendor: 0x4e53, idProduct: 0x5407)
00:00:00.410618          USB: Unknown USB device detected (idVendor: 0x8087, idProduct: 0x0026)
00:00:00.580658          netIfIsWireless: CreateFile on '\\.\{F4BC9325-28F8-4A8B-88FA-FABC258CFCAB}' failed with rcWin=2 (0x2) - ignoring
00:00:00.588120          netIfIsWireless: CreateFile on '\\.\{92D5F75C-99F8-447A-B598-3D8BD3DB3138}' failed with rcWin=2 (0x2) - ignoring
00:00:00.598693          HostDnsMonitor: initializing
00:00:00.613597          HostDnsMonitor: updating information
00:00:00.613688          HostDnsMonitor: old information
00:00:00.613689            no server entries
00:00:00.613690            no domain set
00:00:00.613690            no search string entries
00:00:00.613691          HostDnsMonitor: new information
00:00:00.613691            server 1: 45.238.44.220
00:00:00.613692            server 2: 45.238.44.210
00:00:00.613693            no domain set
00:00:00.613693            no search string entries
00:00:00.619422          VD: VDInit finished with VINF_SUCCESS
00:00:00.622557          VirtualBox: object created
00:00:00.934105          Saving settings file "C:\Users\ewert\.VirtualBox\VirtualBox.xml" with version "1.12-windows"
00:00:00.957319          Finished saving settings file "C:\Users\ewert\.VirtualBox\VirtualBox.xml"
00:00:00.960781          Saving settings file "C:\Users\ewert\.VirtualBox\VirtualBox.xml" with version "1.12-windows"
00:00:00.970397          Finished saving settings file "C:\Users\ewert\.VirtualBox\VirtualBox.xml"
00:00:00.973935          Saving settings file "C:\Users\ewert\.VirtualBox\VirtualBox.xml" with version "1.12-windows"
00:00:00.982753          Finished saving settings file "C:\Users\ewert\.VirtualBox\VirtualBox.xml"
00:00:02.513618          Saving settings file "C:\Users\ewert\.VirtualBox\VirtualBox.xml" with version "1.12-windows"
00:00:02.521734          Finished saving settings file "C:\Users\ewert\.VirtualBox\VirtualBox.xml"
00:00:02.711536          Saving settings file "C:\Users\ewert\.VirtualBox\VirtualBox.xml" with version "1.12-windows"
00:00:02.720475          Finished saving settings file "C:\Users\ewert\.VirtualBox\VirtualBox.xml"
00:00:03.243748          Saving settings file "C:\Users\ewert\.VirtualBox\VirtualBox.xml" with version "1.12-windows"
00:00:03.256638          Finished saving settings file "C:\Users\ewert\.VirtualBox\VirtualBox.xml"
00:09:25.867555 main     VirtualBox: object deletion starts
00:09:25.868848 main     HostDnsMonitor: shutting down ...
00:09:25.868969 main     HostDnsMonitor: shut down
00:09:25.872716 Watcher  ERROR [COM]: aRC=E_ACCESSDENIED (0x80070005) aIID={d644ad1e-c501-4fc7-9ab6-aa6d763bc540} aComponent={VirtualBoxWrap} aText={The object is not ready}, preserve=false aResultDetail=0
00:09:25.873034 main     VirtualBox: object deleted
